#
# There is insufficient memory for the Java Runtime Environment to continue.
# Native memory allocation (malloc) failed to allocate 694416 bytes for Chunk::new
# Possible reasons:
#   The system is out of physical RAM or swap space
#   The process is running with CompressedOops enabled, and the Java Heap may be blocking the growth of the native heap
# Possible solutions:
#   Reduce memory load on the system
#   Increase physical memory or swap space
#   Check if swap backing store is full
#   Decrease Java heap size (-Xmx/-Xms)
#   Decrease number of Java threads
#   Decrease Java thread stack sizes (-Xss)
#   Set larger code cache with -XX:ReservedCodeCacheSize=
#   JVM is running with Unscaled Compressed Oops mode in which the Java heap is
#     placed in the first 4GB address space. The Java Heap base address is the
#     maximum limit for the native heap growth. Please use -XX:HeapBaseMinAddress
#     to set the Java Heap base and to place the Java Heap above 4GB virtual address.
# This output file may be truncated or incomplete.
#
#  Out of Memory Error (allocation.cpp:389), pid=24144, tid=0x0000000000002b88
#
# JRE version: OpenJDK Runtime Environment (8.0_275-b01) (build 1.8.0_275-b01)
# Java VM: OpenJDK 64-Bit Server VM (25.275-b01 mixed mode windows-amd64 compressed oops)
# Failed to write core dump. Minidumps are not enabled by default on client versions of Windows
#

---------------  T H R E A D  ---------------

Current thread (0x0000000016080000):  JavaThread "C2 CompilerThread1" daemon [_thread_in_native, id=11144, stack(0x0000000016a50000,0x0000000016b50000)]

Stack: [0x0000000016a50000,0x0000000016b50000]
[error occurred during error reporting (printing stack bounds), id 0xc0000005]

Native frames: (J=compiled Java code, j=interpreted, Vv=VM code, C=native code)


Current CompileTask:
C2:  10039 4797       4       com.sun.beans.TypeResolver::resolve (37 bytes)


---------------  P R O C E S S  ---------------

Java Threads: ( => current thread )
  0x0000000018da6800 JavaThread "Memory manager" [_thread_blocked, id=7904, stack(0x00000000269a0000,0x0000000026aa0000)]
  0x0000000018da9800 JavaThread "pool-1-thread-1" [_thread_blocked, id=21852, stack(0x00000000264a0000,0x00000000265a0000)]
  0x0000000018da9000 JavaThread "jar transforms Thread 92" [_thread_blocked, id=17972, stack(0x00000000261a0000,0x00000000262a0000)]
  0x0000000018da6000 JavaThread "jar transforms Thread 91" [_thread_blocked, id=12632, stack(0x00000000260a0000,0x00000000261a0000)]
  0x0000000018121800 JavaThread "jar transforms Thread 90" [_thread_blocked, id=10532, stack(0x0000000025fa0000,0x00000000260a0000)]
  0x0000000018120000 JavaThread "jar transforms Thread 89" [_thread_blocked, id=24652, stack(0x0000000025ea0000,0x0000000025fa0000)]
  0x000000001811d000 JavaThread "jar transforms Thread 88" [_thread_blocked, id=10048, stack(0x0000000025da0000,0x0000000025ea0000)]
  0x0000000018122800 JavaThread "jar transforms Thread 87" [_thread_blocked, id=22736, stack(0x0000000025ca0000,0x0000000025da0000)]
  0x000000001811e800 JavaThread "jar transforms Thread 86" [_thread_blocked, id=26488, stack(0x0000000025ba0000,0x0000000025ca0000)]
  0x000000001811d800 JavaThread "jar transforms Thread 85" [_thread_blocked, id=11560, stack(0x0000000025aa0000,0x0000000025ba0000)]
  0x0000000018123000 JavaThread "jar transforms Thread 84" [_thread_blocked, id=27164, stack(0x00000000259a0000,0x0000000025aa0000)]
  0x0000000018121000 JavaThread "jar transforms Thread 83" [_thread_blocked, id=25804, stack(0x00000000258a0000,0x00000000259a0000)]
  0x000000001811f800 JavaThread "jar transforms Thread 82" [_thread_blocked, id=23008, stack(0x00000000257a0000,0x00000000258a0000)]
  0x0000000018115000 JavaThread "jar transforms Thread 81" [_thread_blocked, id=20764, stack(0x00000000256a0000,0x00000000257a0000)]
  0x000000001811a000 JavaThread "jar transforms Thread 80" [_thread_blocked, id=12896, stack(0x00000000255a0000,0x00000000256a0000)]
  0x0000000018116800 JavaThread "jar transforms Thread 79" [_thread_blocked, id=14684, stack(0x00000000254a0000,0x00000000255a0000)]
  0x000000001811c000 JavaThread "jar transforms Thread 78" [_thread_blocked, id=20452, stack(0x00000000253a0000,0x00000000254a0000)]
  0x0000000018114800 JavaThread "jar transforms Thread 77" [_thread_blocked, id=9912, stack(0x00000000252a0000,0x00000000253a0000)]
  0x000000001811a800 JavaThread "jar transforms Thread 76" [_thread_blocked, id=1112, stack(0x00000000251a0000,0x00000000252a0000)]
  0x0000000018116000 JavaThread "jar transforms Thread 75" [_thread_blocked, id=14372, stack(0x00000000250a0000,0x00000000251a0000)]
  0x0000000018119000 JavaThread "jar transforms Thread 74" [_thread_blocked, id=13008, stack(0x0000000024fa0000,0x00000000250a0000)]
  0x000000001811b800 JavaThread "jar transforms Thread 73" [_thread_blocked, id=8788, stack(0x0000000024ea0000,0x0000000024fa0000)]
  0x0000000018118000 JavaThread "jar transforms Thread 72" [_thread_blocked, id=25504, stack(0x0000000024da0000,0x0000000024ea0000)]
  0x0000000018117800 JavaThread "jar transforms Thread 71" [_thread_blocked, id=9512, stack(0x0000000024ba0000,0x0000000024ca0000)]
  0x000000001d8be800 JavaThread "jar transforms Thread 70" [_thread_blocked, id=3516, stack(0x0000000024aa0000,0x0000000024ba0000)]
  0x000000001d8bc000 JavaThread "jar transforms Thread 69" [_thread_blocked, id=13436, stack(0x00000000249a0000,0x0000000024aa0000)]
  0x000000001d8bb800 JavaThread "jar transforms Thread 68" [_thread_blocked, id=18604, stack(0x00000000248a0000,0x00000000249a0000)]
  0x000000001d8ba800 JavaThread "jar transforms Thread 67" [_thread_blocked, id=16648, stack(0x00000000247a0000,0x00000000248a0000)]
  0x000000001d8bf000 JavaThread "jar transforms Thread 66" [_thread_blocked, id=7276, stack(0x00000000246a0000,0x00000000247a0000)]
  0x000000001d8b9800 JavaThread "jar transforms Thread 65" [_thread_blocked, id=10988, stack(0x00000000245a0000,0x00000000246a0000)]
  0x000000001d8bd000 JavaThread "jar transforms Thread 64" [_thread_blocked, id=11568, stack(0x00000000244a0000,0x00000000245a0000)]
  0x000000001d8bd800 JavaThread "jar transforms Thread 63" [_thread_blocked, id=27416, stack(0x00000000243a0000,0x00000000244a0000)]
  0x000000001d8b2000 JavaThread "jar transforms Thread 62" [_thread_blocked, id=11796, stack(0x00000000242a0000,0x00000000243a0000)]
  0x000000001d8b9000 JavaThread "jar transforms Thread 61" [_thread_blocked, id=21592, stack(0x00000000241a0000,0x00000000242a0000)]
  0x000000001d8b1000 JavaThread "jar transforms Thread 60" [_thread_blocked, id=8764, stack(0x00000000240a0000,0x00000000241a0000)]
  0x000000001d8b8000 JavaThread "jar transforms Thread 59" [_thread_blocked, id=27464, stack(0x0000000023fa0000,0x00000000240a0000)]
  0x000000001d8b0800 JavaThread "jar transforms Thread 58" [_thread_blocked, id=25120, stack(0x0000000023ea0000,0x0000000023fa0000)]
  0x000000001d8b7800 JavaThread "jar transforms Thread 57" [_thread_blocked, id=14020, stack(0x0000000023da0000,0x0000000023ea0000)]
  0x000000001d8b6800 JavaThread "jar transforms Thread 56" [_thread_blocked, id=17024, stack(0x0000000023ca0000,0x0000000023da0000)]
  0x000000001d8b6000 JavaThread "jar transforms Thread 55" [_thread_blocked, id=18944, stack(0x0000000023ba0000,0x0000000023ca0000)]
  0x000000001d8b4000 JavaThread "jar transforms Thread 54" [_thread_blocked, id=15808, stack(0x0000000023aa0000,0x0000000023ba0000)]
  0x000000001d8b5000 JavaThread "jar transforms Thread 53" [_thread_blocked, id=9792, stack(0x00000000239a0000,0x0000000023aa0000)]
  0x000000001d8b3800 JavaThread "jar transforms Thread 52" [_thread_blocked, id=23796, stack(0x00000000238a0000,0x00000000239a0000)]
  0x000000001d8b2800 JavaThread "jar transforms Thread 51" [_thread_blocked, id=16188, stack(0x00000000237a0000,0x00000000238a0000)]
  0x000000001c2a5000 JavaThread "jar transforms Thread 50" [_thread_blocked, id=21420, stack(0x00000000236a0000,0x00000000237a0000)]
  0x000000001c2a4000 JavaThread "jar transforms Thread 49" [_thread_blocked, id=2684, stack(0x00000000235a0000,0x00000000236a0000)]
  0x000000001c2a2000 JavaThread "jar transforms Thread 48" [_thread_blocked, id=11964, stack(0x00000000234a0000,0x00000000235a0000)]
  0x000000001c2a6800 JavaThread "jar transforms Thread 47" [_thread_blocked, id=13304, stack(0x00000000233a0000,0x00000000234a0000)]
  0x000000001c2a2800 JavaThread "jar transforms Thread 46" [_thread_blocked, id=4224, stack(0x00000000232a0000,0x00000000233a0000)]
  0x000000001c2a0000 JavaThread "jar transforms Thread 45" [_thread_blocked, id=13560, stack(0x00000000231a0000,0x00000000232a0000)]
  0x000000001c2a3800 JavaThread "jar transforms Thread 44" [_thread_blocked, id=3972, stack(0x00000000230a0000,0x00000000231a0000)]
  0x000000001c2a5800 JavaThread "jar transforms Thread 43" [_thread_blocked, id=25588, stack(0x0000000022fa0000,0x00000000230a0000)]
  0x000000001c2a7800 JavaThread "jar transforms Thread 42" [_thread_blocked, id=3312, stack(0x0000000022ea0000,0x0000000022fa0000)]
  0x000000001c2a1000 JavaThread "jar transforms Thread 41" [_thread_blocked, id=7352, stack(0x0000000022da0000,0x0000000022ea0000)]
  0x000000001c298800 JavaThread "jar transforms Thread 40" [_thread_blocked, id=1236, stack(0x0000000022ca0000,0x0000000022da0000)]
  0x000000001c29c800 JavaThread "jar transforms Thread 39" [_thread_blocked, id=4804, stack(0x0000000022ba0000,0x0000000022ca0000)]
  0x000000001c29e800 JavaThread "jar transforms Thread 38" [_thread_blocked, id=26856, stack(0x0000000022aa0000,0x0000000022ba0000)]
  0x000000001c29a800 JavaThread "jar transforms Thread 37" [_thread_blocked, id=21460, stack(0x00000000229a0000,0x0000000022aa0000)]
  0x000000001c29f800 JavaThread "jar transforms Thread 36" [_thread_blocked, id=14232, stack(0x00000000228a0000,0x00000000229a0000)]
  0x000000001c29e000 JavaThread "jar transforms Thread 35" [_thread_blocked, id=23436, stack(0x00000000227a0000,0x00000000228a0000)]
  0x000000001c29d000 JavaThread "jar transforms Thread 34" [_thread_blocked, id=22488, stack(0x00000000226a0000,0x00000000227a0000)]
  0x000000001c299000 JavaThread "jar transforms Thread 33" [_thread_blocked, id=18596, stack(0x00000000225a0000,0x00000000226a0000)]
  0x000000001c29a000 JavaThread "jar transforms Thread 32" [_thread_blocked, id=17248, stack(0x00000000224a0000,0x00000000225a0000)]
  0x000000001c29b800 JavaThread "jar transforms Thread 31" [_thread_blocked, id=17784, stack(0x00000000223a0000,0x00000000224a0000)]
  0x000000001c5ea000 JavaThread "jar transforms Thread 30" [_thread_blocked, id=23580, stack(0x00000000222a0000,0x00000000223a0000)]
  0x000000001c5e8800 JavaThread "jar transforms Thread 29" [_thread_blocked, id=14248, stack(0x00000000221a0000,0x00000000222a0000)]
  0x000000001c5e7000 JavaThread "jar transforms Thread 28" [_thread_blocked, id=11848, stack(0x00000000220a0000,0x00000000221a0000)]
  0x000000001c5e4800 JavaThread "jar transforms Thread 27" [_thread_blocked, id=24288, stack(0x0000000021fa0000,0x00000000220a0000)]
  0x000000001c5e6800 JavaThread "jar transforms Thread 26" [_thread_blocked, id=25776, stack(0x0000000021ea0000,0x0000000021fa0000)]
  0x000000001c5e9800 JavaThread "jar transforms Thread 25" [_thread_blocked, id=14216, stack(0x0000000021da0000,0x0000000021ea0000)]
  0x000000001c5e5800 JavaThread "jar transforms Thread 24" [_thread_blocked, id=24904, stack(0x0000000021ca0000,0x0000000021da0000)]
  0x000000001c5e8000 JavaThread "jar transforms Thread 23" [_thread_blocked, id=20808, stack(0x0000000021ba0000,0x0000000021ca0000)]
  0x000000001c5dd000 JavaThread "jar transforms Thread 22" [_thread_blocked, id=27036, stack(0x0000000021aa0000,0x0000000021ba0000)]
  0x000000001c5e4000 JavaThread "jar transforms Thread 21" [_thread_blocked, id=18344, stack(0x00000000219a0000,0x0000000021aa0000)]
  0x000000001c5df000 JavaThread "jar transforms Thread 20" [_thread_blocked, id=16288, stack(0x00000000218a0000,0x00000000219a0000)]
  0x000000001c5e3000 JavaThread "jar transforms Thread 19" [_thread_blocked, id=22172, stack(0x00000000217a0000,0x00000000218a0000)]
  0x000000001c5dc000 JavaThread "jar transforms Thread 18" [_thread_blocked, id=19940, stack(0x00000000216a0000,0x00000000217a0000)]
  0x000000001c5e2800 JavaThread "jar transforms Thread 17" [_thread_blocked, id=18536, stack(0x00000000215a0000,0x00000000216a0000)]
  0x000000001c5e1000 JavaThread "jar transforms Thread 16" [_thread_blocked, id=23556, stack(0x00000000214a0000,0x00000000215a0000)]
  0x000000001c5de800 JavaThread "jar transforms Thread 15" [_thread_blocked, id=12300, stack(0x00000000213a0000,0x00000000214a0000)]
  0x000000001c5db800 JavaThread "jar transforms Thread 14" [_thread_blocked, id=23636, stack(0x00000000212a0000,0x00000000213a0000)]
  0x000000001c5dd800 JavaThread "jar transforms Thread 13" [_thread_blocked, id=20268, stack(0x00000000211a0000,0x00000000212a0000)]
  0x000000001c5e0000 JavaThread "jar transforms Thread 12" [_thread_blocked, id=22020, stack(0x00000000210a0000,0x00000000211a0000)]
  0x000000001c5e1800 JavaThread "jar transforms Thread 11" [_thread_blocked, id=24832, stack(0x0000000020fa0000,0x00000000210a0000)]
  0x0000000018e4d000 JavaThread "jar transforms Thread 10" [_thread_blocked, id=2152, stack(0x0000000020ea0000,0x0000000020fa0000)]
  0x0000000018e4e000 JavaThread "jar transforms Thread 9" [_thread_blocked, id=22940, stack(0x0000000020da0000,0x0000000020ea0000)]
  0x0000000018e4c800 JavaThread "jar transforms Thread 8" [_thread_blocked, id=3152, stack(0x0000000020ca0000,0x0000000020da0000)]
  0x0000000018e4a800 JavaThread "jar transforms Thread 7" [_thread_blocked, id=7856, stack(0x0000000020ba0000,0x0000000020ca0000)]
  0x0000000018e49000 JavaThread "jar transforms Thread 6" [_thread_blocked, id=22228, stack(0x0000000020aa0000,0x0000000020ba0000)]
  0x0000000018e4b800 JavaThread "jar transforms Thread 5" [_thread_blocked, id=23812, stack(0x00000000209a0000,0x0000000020aa0000)]
  0x0000000018e4a000 JavaThread "jar transforms Thread 4" [_thread_blocked, id=9840, stack(0x00000000208a0000,0x00000000209a0000)]
  0x0000000018e43000 JavaThread "jar transforms Thread 3" [_thread_blocked, id=20912, stack(0x00000000207a0000,0x00000000208a0000)]
  0x0000000018e47800 JavaThread "jar transforms Thread 2" [_thread_blocked, id=21732, stack(0x00000000206a0000,0x00000000207a0000)]
  0x0000000018e48800 JavaThread "Build operations Thread 8" [_thread_blocked, id=24616, stack(0x00000000205a0000,0x00000000206a0000)]
  0x0000000018e3f800 JavaThread "Build operations Thread 7" [_thread_blocked, id=23296, stack(0x00000000204a0000,0x00000000205a0000)]
  0x0000000018e42000 JavaThread "Build operations Thread 6" [_thread_blocked, id=25312, stack(0x00000000203a0000,0x00000000204a0000)]
  0x0000000018e47000 JavaThread "Build operations Thread 5" [_thread_blocked, id=22936, stack(0x00000000202a0000,0x00000000203a0000)]
  0x0000000018e3f000 JavaThread "Build operations Thread 4" [_thread_blocked, id=8812, stack(0x00000000201a0000,0x00000000202a0000)]
  0x0000000018e46000 JavaThread "Build operations Thread 3" [_thread_blocked, id=18120, stack(0x00000000200a0000,0x00000000201a0000)]
  0x0000000018e41800 JavaThread "Build operations Thread 2" [_thread_blocked, id=8676, stack(0x000000001ffa0000,0x00000000200a0000)]
  0x0000000018e43800 JavaThread "Build operations" [_thread_blocked, id=24244, stack(0x000000001fea0000,0x000000001ffa0000)]
  0x0000000018e44800 JavaThread "Cache worker for Build Output Cleanup Cache (D:\Vicky\React Native projects\rnstarterwithsplashandnavigation\android\.gradle\buildOutputCleanup)" [_thread_blocked, id=11556, stack(0x000000001f960000,0x000000001fa60000)]
  0x0000000016fa3000 JavaThread "Cache worker for file content cache (C:\Users\91638\.gradle\caches\6.7\fileContent)" [_thread_blocked, id=4700, stack(0x000000001f460000,0x000000001f560000)]
  0x0000000016f9f000 JavaThread "jar transforms" [_thread_blocked, id=22056, stack(0x000000001f360000,0x000000001f460000)]
  0x0000000016f9d000 JavaThread "Cache worker for execution history cache (C:\Users\91638\.gradle\caches\6.7\executionHistory)" [_thread_blocked, id=26460, stack(0x000000001ec60000,0x000000001ed60000)]
  0x0000000016fa1800 JavaThread "Cache worker for cache directory md-rule (C:\Users\91638\.gradle\caches\6.7\md-rule)" [_thread_blocked, id=21584, stack(0x000000001d6b0000,0x000000001d7b0000)]
  0x0000000016fa2800 JavaThread "Cache worker for cache directory md-supplier (C:\Users\91638\.gradle\caches\6.7\md-supplier)" [_thread_blocked, id=20916, stack(0x000000001d310000,0x000000001d410000)]
  0x0000000016f9d800 JavaThread "Cache worker for checksums cache (D:\Vicky\React Native projects\rnstarterwithsplashandnavigation\android\.gradle\checksums)" [_thread_blocked, id=19792, stack(0x000000001d210000,0x000000001d310000)]
  0x0000000016fa4000 JavaThread "Cache worker for file hash cache (D:\Vicky\React Native projects\rnstarterwithsplashandnavigation\android\.gradle\6.7\fileHashes)" [_thread_blocked, id=13480, stack(0x000000001d110000,0x000000001d210000)]
  0x0000000016f9e800 JavaThread "Cache worker for journal cache (C:\Users\91638\.gradle\caches\journal-1)" [_thread_blocked, id=24436, stack(0x000000001b070000,0x000000001b170000)]
  0x0000000016fa1000 JavaThread "File lock request listener" [_thread_in_native, id=25088, stack(0x000000001af70000,0x000000001b070000)]
  0x0000000016fa0000 JavaThread "Cache worker for file hash cache (C:\Users\91638\.gradle\caches\6.7\fileHashes)" [_thread_blocked, id=20184, stack(0x000000001ae70000,0x000000001af70000)]
  0x0000000018b9b000 JavaThread "Thread-9" [_thread_blocked, id=15968, stack(0x000000001ab70000,0x000000001ac70000)]
  0x0000000018b3e000 JavaThread "Stdin handler" [_thread_blocked, id=24924, stack(0x000000001aa70000,0x000000001ab70000)]
  0x0000000018b3c800 JavaThread "Asynchronous log dispatcher for DefaultDaemonConnection: socket connection from /127.0.0.1:50791 to /127.0.0.1:50792" [_thread_blocked, id=12824, stack(0x000000001a970000,0x000000001aa70000)]
  0x0000000018acc800 JavaThread "Daemon worker" [_thread_in_vm, id=19048, stack(0x000000001a870000,0x000000001a970000)]
  0x0000000018ab1800 JavaThread "Cancel handler" [_thread_blocked, id=19964, stack(0x000000001a670000,0x000000001a770000)]
  0x0000000018a9f800 JavaThread "Handler for socket connection from /127.0.0.1:50791 to /127.0.0.1:50792" [_thread_in_native, id=22028, stack(0x000000001a570000,0x000000001a670000)]
  0x0000000018a9c800 JavaThread "Daemon" [_thread_blocked, id=22544, stack(0x000000001a270000,0x000000001a370000)]
  0x0000000018a22000 JavaThread "Daemon periodic checks" [_thread_blocked, id=8284, stack(0x000000001a170000,0x000000001a270000)]
  0x0000000018a21000 JavaThread "Incoming local TCP Connector on port 50791" [_thread_in_native, id=26332, stack(0x0000000019f30000,0x000000001a030000)]
  0x00000000189fe800 JavaThread "Daemon health stats" [_thread_blocked, id=23096, stack(0x00000000198f0000,0x00000000199f0000)]
  0x000000001610c000 JavaThread "Service Thread" daemon [_thread_blocked, id=8948, stack(0x0000000016d50000,0x0000000016e50000)]
  0x00000000160b6800 JavaThread "C1 CompilerThread3" daemon [_thread_in_native, id=13624, stack(0x0000000016c50000,0x0000000016d50000)]
  0x0000000016087000 JavaThread "C2 CompilerThread2" daemon [_thread_in_native, id=7060, stack(0x0000000016b50000,0x0000000016c50000)]
=>0x0000000016080000 JavaThread "C2 CompilerThread1" daemon [_thread_in_native, id=11144, stack(0x0000000016a50000,0x0000000016b50000)]
  0x000000001428c800 JavaThread "C2 CompilerThread0" daemon [_thread_in_native, id=11120, stack(0x0000000016950000,0x0000000016a50000)]
  0x0000000016079000 JavaThread "Attach Listener" daemon [_thread_blocked, id=26776, stack(0x0000000016850000,0x0000000016950000)]
  0x000000001607e000 JavaThread "Signal Dispatcher" daemon [_thread_blocked, id=25604, stack(0x0000000016750000,0x0000000016850000)]
  0x0000000016061000 JavaThread "Finalizer" daemon [_thread_blocked, id=14648, stack(0x0000000016540000,0x0000000016640000)]
  0x0000000002a08000 JavaThread "Reference Handler" daemon [_thread_blocked, id=16824, stack(0x0000000016440000,0x0000000016540000)]
  0x000000000290e800 JavaThread "main" [_thread_blocked, id=10904, stack(0x00000000027f0000,0x00000000028f0000)]

Other Threads:
  0x0000000014277000 VMThread [stack: 0x0000000015f40000,0x0000000016040000] [id=25772]
  0x00000000160f3800 WatcherThread [stack: 0x0000000016e50000,0x0000000016f50000] [id=12584]

VM state:not at safepoint (normal execution)

VM Mutex/Monitor currently owned by a thread: None

heap address: 0x00000000e0000000, size: 512 MB, Compressed Oops mode: 32-bit
Narrow klass base: 0x0000000000000000, Narrow klass shift: 3
Compressed class space size: 1073741824 Address: 0x0000000100000000

Heap:
 PSYoungGen      total 161792K, used 60993K [0x00000000f5580000, 0x0000000100000000, 0x0000000100000000)
  eden space 148992K, 32% used [0x00000000f5580000,0x00000000f8495980,0x00000000fe700000)
  from space 12800K, 99% used [0x00000000fe700000,0x00000000ff37aaa8,0x00000000ff380000)
  to   space 12800K, 0% used [0x00000000ff380000,0x00000000ff380000,0x0000000100000000)
 ParOldGen       total 175104K, used 24127K [0x00000000e0000000, 0x00000000eab00000, 0x00000000f5580000)
  object space 175104K, 13% used [0x00000000e0000000,0x00000000e178fd10,0x00000000eab00000)
 Metaspace       used 52715K, capacity 55144K, committed 55168K, reserved 1097728K
  class space    used 7240K, capacity 7788K, committed 7808K, reserved 1048576K

Card table byte_map: [0x0000000011dd0000,0x0000000011ee0000] byte_map_base: 0x00000000116d0000

Marking Bits: (ParMarkBitMap*) 0x0000000052df23c0
 Begin Bits: [0x0000000012790000, 0x0000000012f90000)
 End Bits:   [0x0000000012f90000, 0x0000000013790000)

Polling page: 0x0000000001010000

CodeCache: size=245760Kb used=15970Kb max_used=15971Kb free=229789Kb
 bounds [0x0000000002a10000, 0x00000000039c0000, 0x0000000011a10000]
 total_blobs=5265 nmethods=4489 adapters=687
 compilation: enabled

Compilation events (10 events):
Event: 10.025 Thread 0x000000001428c800 nmethod 4937 0x0000000003945410 code [0x0000000003945540, 0x00000000039455d8]
Event: 10.025 Thread 0x000000001428c800 4938       4       org.gradle.internal.reflect.PropertyAccessorType::of (95 bytes)
Event: 10.025 Thread 0x00000000160b6800 4939       3       com.google.common.collect.LinkedHashMultimap$ValueSet::setSuccessorInValueSet (6 bytes)
Event: 10.025 Thread 0x00000000160b6800 nmethod 4939 0x00000000039ae7d0 code [0x00000000039ae920, 0x00000000039aea90]
Event: 10.025 Thread 0x00000000160b6800 4940       3       com.google.common.collect.CompactLinkedHashMap::insertEntry (26 bytes)
Event: 10.025 Thread 0x00000000160b6800 nmethod 4940 0x00000000039af850 code [0x00000000039afa00, 0x00000000039aff38]
Event: 10.025 Thread 0x00000000160b6800 4941       3       org.gradle.internal.instantiation.generator.AbstractClassGenerator$ExtensibleTypePropertyHandler::applyTo (228 bytes)
Event: 10.026 Thread 0x00000000160b6800 nmethod 4941 0x00000000039b4210 code [0x00000000039b4580, 0x00000000039b62c8]
Event: 10.030 Thread 0x000000001428c800 nmethod 4938 0x00000000039aee50 code [0x00000000039aefc0, 0x00000000039af358]
Event: 10.034 Thread 0x000000001428c800 4943       4       java.lang.invoke.MethodType$ConcurrentWeakInternSet::get (54 bytes)

GC Heap History (10 events):
Event: 6.727 GC heap before
{Heap before GC invocations=7 (full 1):
 PSYoungGen      total 76288K, used 73855K [0x00000000f5580000, 0x00000000fc900000, 0x0000000100000000)
  eden space 65536K, 100% used [0x00000000f5580000,0x00000000f9580000,0x00000000f9580000)
  from space 10752K, 77% used [0x00000000f9580000,0x00000000f9d9fde8,0x00000000fa000000)
  to   space 11776K, 0% used [0x00000000fbd80000,0x00000000fbd80000,0x00000000fc900000)
 ParOldGen       total 175104K, used 8131K [0x00000000e0000000, 0x00000000eab00000, 0x00000000f5580000)
  object space 175104K, 4% used [0x00000000e0000000,0x00000000e07f0c78,0x00000000eab00000)
 Metaspace       used 32702K, capacity 33742K, committed 33920K, reserved 1079296K
  class space    used 4644K, capacity 4924K, committed 4992K, reserved 1048576K
Event: 6.737 GC heap after
Heap after GC invocations=7 (full 1):
 PSYoungGen      total 105472K, used 10112K [0x00000000f5580000, 0x00000000fc900000, 0x0000000100000000)
  eden space 93696K, 0% used [0x00000000f5580000,0x00000000f5580000,0x00000000fb100000)
  from space 11776K, 85% used [0x00000000fbd80000,0x00000000fc7602a0,0x00000000fc900000)
  to   space 12288K, 0% used [0x00000000fb100000,0x00000000fb100000,0x00000000fbd00000)
 ParOldGen       total 175104K, used 8139K [0x00000000e0000000, 0x00000000eab00000, 0x00000000f5580000)
  object space 175104K, 4% used [0x00000000e0000000,0x00000000e07f2c78,0x00000000eab00000)
 Metaspace       used 32702K, capacity 33742K, committed 33920K, reserved 1079296K
  class space    used 4644K, capacity 4924K, committed 4992K, reserved 1048576K
}
Event: 6.921 GC heap before
{Heap before GC invocations=8 (full 1):
 PSYoungGen      total 105472K, used 44755K [0x00000000f5580000, 0x00000000fc900000, 0x0000000100000000)
  eden space 93696K, 36% used [0x00000000f5580000,0x00000000f7754d58,0x00000000fb100000)
  from space 11776K, 85% used [0x00000000fbd80000,0x00000000fc7602a0,0x00000000fc900000)
  to   space 12288K, 0% used [0x00000000fb100000,0x00000000fb100000,0x00000000fbd00000)
 ParOldGen       total 175104K, used 8139K [0x00000000e0000000, 0x00000000eab00000, 0x00000000f5580000)
  object space 175104K, 4% used [0x00000000e0000000,0x00000000e07f2c78,0x00000000eab00000)
 Metaspace       used 34300K, capacity 35468K, committed 35496K, reserved 1079296K
  class space    used 4807K, capacity 5108K, committed 5120K, reserved 1048576K
Event: 6.935 GC heap after
Heap after GC invocations=8 (full 1):
 PSYoungGen      total 105984K, used 9787K [0x00000000f5580000, 0x0000000100000000, 0x0000000100000000)
  eden space 93696K, 0% used [0x00000000f5580000,0x00000000f5580000,0x00000000fb100000)
  from space 12288K, 79% used [0x00000000fb100000,0x00000000fba8ef00,0x00000000fbd00000)
  to   space 12288K, 0% used [0x00000000ff400000,0x00000000ff400000,0x0000000100000000)
 ParOldGen       total 175104K, used 8147K [0x00000000e0000000, 0x00000000eab00000, 0x00000000f5580000)
  object space 175104K, 4% used [0x00000000e0000000,0x00000000e07f4c78,0x00000000eab00000)
 Metaspace       used 34300K, capacity 35468K, committed 35496K, reserved 1079296K
  class space    used 4807K, capacity 5108K, committed 5120K, reserved 1048576K
}
Event: 6.936 GC heap before
{Heap before GC invocations=9 (full 2):
 PSYoungGen      total 105984K, used 9787K [0x00000000f5580000, 0x0000000100000000, 0x0000000100000000)
  eden space 93696K, 0% used [0x00000000f5580000,0x00000000f5580000,0x00000000fb100000)
  from space 12288K, 79% used [0x00000000fb100000,0x00000000fba8ef00,0x00000000fbd00000)
  to   space 12288K, 0% used [0x00000000ff400000,0x00000000ff400000,0x0000000100000000)
 ParOldGen       total 175104K, used 8147K [0x00000000e0000000, 0x00000000eab00000, 0x00000000f5580000)
  object space 175104K, 4% used [0x00000000e0000000,0x00000000e07f4c78,0x00000000eab00000)
 Metaspace       used 34300K, capacity 35468K, committed 35496K, reserved 1079296K
  class space    used 4807K, capacity 5108K, committed 5120K, reserved 1048576K
Event: 6.982 GC heap after
Heap after GC invocations=9 (full 2):
 PSYoungGen      total 105984K, used 0K [0x00000000f5580000, 0x0000000100000000, 0x0000000100000000)
  eden space 93696K, 0% used [0x00000000f5580000,0x00000000f5580000,0x00000000fb100000)
  from space 12288K, 0% used [0x00000000fb100000,0x00000000fb100000,0x00000000fbd00000)
  to   space 12288K, 0% used [0x00000000ff400000,0x00000000ff400000,0x0000000100000000)
 ParOldGen       total 175104K, used 16471K [0x00000000e0000000, 0x00000000eab00000, 0x00000000f5580000)
  object space 175104K, 9% used [0x00000000e0000000,0x00000000e1015fc0,0x00000000eab00000)
 Metaspace       used 34300K, capacity 35468K, committed 35496K, reserved 1079296K
  class space    used 4807K, capacity 5108K, committed 5120K, reserved 1048576K
}
Event: 7.691 GC heap before
{Heap before GC invocations=10 (full 2):
 PSYoungGen      total 105984K, used 93696K [0x00000000f5580000, 0x0000000100000000, 0x0000000100000000)
  eden space 93696K, 100% used [0x00000000f5580000,0x00000000fb100000,0x00000000fb100000)
  from space 12288K, 0% used [0x00000000fb100000,0x00000000fb100000,0x00000000fbd00000)
  to   space 12288K, 0% used [0x00000000ff400000,0x00000000ff400000,0x0000000100000000)
 ParOldGen       total 175104K, used 16471K [0x00000000e0000000, 0x00000000eab00000, 0x00000000f5580000)
  object space 175104K, 9% used [0x00000000e0000000,0x00000000e1015fc0,0x00000000eab00000)
 Metaspace       used 37552K, capacity 39164K, committed 39296K, reserved 1083392K
  class space    used 5283K, capacity 5650K, committed 5760K, reserved 1048576K
Event: 7.701 GC heap after
Heap after GC invocations=10 (full 2):
 PSYoungGen      total 161280K, used 5511K [0x00000000f5580000, 0x0000000100000000, 0x0000000100000000)
  eden space 148992K, 0% used [0x00000000f5580000,0x00000000f5580000,0x00000000fe700000)
  from space 12288K, 44% used [0x00000000ff400000,0x00000000ff961e38,0x0000000100000000)
  to   space 12800K, 0% used [0x00000000fe700000,0x00000000fe700000,0x00000000ff380000)
 ParOldGen       total 175104K, used 16479K [0x00000000e0000000, 0x00000000eab00000, 0x00000000f5580000)
  object space 175104K, 9% used [0x00000000e0000000,0x00000000e1017fc0,0x00000000eab00000)
 Metaspace       used 37552K, capacity 39164K, committed 39296K, reserved 1083392K
  class space    used 5283K, capacity 5650K, committed 5760K, reserved 1048576K
}
Event: 9.726 GC heap before
{Heap before GC invocations=11 (full 2):
 PSYoungGen      total 161280K, used 154503K [0x00000000f5580000, 0x0000000100000000, 0x0000000100000000)
  eden space 148992K, 100% used [0x00000000f5580000,0x00000000fe700000,0x00000000fe700000)
  from space 12288K, 44% used [0x00000000ff400000,0x00000000ff961e38,0x0000000100000000)
  to   space 12800K, 0% used [0x00000000fe700000,0x00000000fe700000,0x00000000ff380000)
 ParOldGen       total 175104K, used 16479K [0x00000000e0000000, 0x00000000eab00000, 0x00000000f5580000)
  object space 175104K, 9% used [0x00000000e0000000,0x00000000e1017fc0,0x00000000eab00000)
 Metaspace       used 51333K, capacity 53526K, committed 53632K, reserved 1095680K
  class space    used 7041K, capacity 7545K, committed 7552K, reserved 1048576K
Event: 9.746 GC heap after
Heap after GC invocations=11 (full 2):
 PSYoungGen      total 161792K, used 12778K [0x00000000f5580000, 0x0000000100000000, 0x0000000100000000)
  eden space 148992K, 0% used [0x00000000f5580000,0x00000000f5580000,0x00000000fe700000)
  from space 12800K, 99% used [0x00000000fe700000,0x00000000ff37aaa8,0x00000000ff380000)
  to   space 12800K, 0% used [0x00000000ff380000,0x00000000ff380000,0x0000000100000000)
 ParOldGen       total 175104K, used 24127K [0x00000000e0000000, 0x00000000eab00000, 0x00000000f5580000)
  object space 175104K, 13% used [0x00000000e0000000,0x00000000e178fd10,0x00000000eab00000)
 Metaspace       used 51333K, capacity 53526K, committed 53632K, reserved 1095680K
  class space    used 7041K, capacity 7545K, committed 7552K, reserved 1048576K
}

Deoptimization events (10 events):
Event: 9.848 Thread 0x0000000018acc800 Uncommon trap: reason=unstable_if action=reinterpret pc=0x00000000038f5cfc method=groovy.lang.MetaClassImpl.checkIfStdMethod(Lgroovy/lang/MetaMethod;)V @ 55
Event: 9.848 Thread 0x0000000018acc800 Uncommon trap: reason=unstable_if action=reinterpret pc=0x00000000038ba530 method=org.codehaus.groovy.runtime.metaclass.MetaMethodIndex.copyNonPrivateNonNewMetaMethods(Lorg/codehaus/groovy/runtime/metaclass/MetaMethodIndex$Entry;Lorg/codehaus/groovy/runti
Event: 9.848 Thread 0x0000000018acc800 Uncommon trap: reason=unstable_if action=reinterpret pc=0x00000000035a0448 method=groovy.lang.MetaClassImpl$1MOPIter.methodNameAction(Ljava/lang/Class;Lorg/codehaus/groovy/runtime/metaclass/MetaMethodIndex$Entry;)V @ 182
Event: 9.897 Thread 0x0000000018acc800 Uncommon trap: reason=null_check action=make_not_entrant pc=0x00000000031c0cf0 method=java.lang.Class.searchMethods([Ljava/lang/reflect/Method;Ljava/lang/String;[Ljava/lang/Class;)Ljava/lang/reflect/Method; @ 59
Event: 9.965 Thread 0x0000000018acc800 Uncommon trap: reason=unstable_if action=reinterpret pc=0x000000000343e110 method=org.codehaus.groovy.runtime.metaclass.MetaMethodIndex.addMethodToList(Ljava/lang/Object;Lgroovy/lang/MetaMethod;)Ljava/lang/Object; @ 256
Event: 9.995 Thread 0x0000000018acc800 Uncommon trap: reason=unstable_if action=reinterpret pc=0x0000000002fc75a0 method=java.util.HashMap.getNode(ILjava/lang/Object;)Ljava/util/HashMap$Node; @ 84
Event: 9.995 Thread 0x0000000018acc800 Uncommon trap: reason=unstable_if action=reinterpret pc=0x00000000035b6c98 method=java.util.HashMap.putVal(ILjava/lang/Object;Ljava/lang/Object;ZZ)Ljava/lang/Object; @ 109
Event: 9.995 Thread 0x0000000018acc800 Uncommon trap: reason=unstable_if action=reinterpret pc=0x0000000002fcefdc method=java.util.HashMap.getNode(ILjava/lang/Object;)Ljava/util/HashMap$Node; @ 84
Event: 9.995 Thread 0x0000000018acc800 Uncommon trap: reason=unstable_if action=reinterpret pc=0x00000000033839a4 method=java.util.HashMap.putVal(ILjava/lang/Object;Ljava/lang/Object;ZZ)Ljava/lang/Object; @ 109
Event: 9.996 Thread 0x0000000018acc800 Uncommon trap: reason=unstable_if action=reinterpret pc=0x0000000002d49334 method=java.util.HashMap.resize()[Ljava/util/HashMap$Node; @ 206

Classes redefined (0 events):
No events

Internal exceptions (10 events):
Event: 9.967 Thread 0x0000000018acc800 Exception <a 'java/lang/ClassNotFoundException': org/gradle/api/internal/artifacts/dependencies/DefaultExternalModuleDependency_DecoratedBeanInfo> (0x00000000f7a6a7b0) thrown at [C:\cygwin64\tmp\build\source\java-1.8.0-openjdk\tmp\jdk8u\hotspot\src\share\
Event: 9.968 Thread 0x0000000018acc800 Exception <a 'java/lang/ClassNotFoundException': org/gradle/api/internal/artifacts/dependencies/DefaultExternalModuleDependencyBeanInfo> (0x00000000f7ad74d8) thrown at [C:\cygwin64\tmp\build\source\java-1.8.0-openjdk\tmp\jdk8u\hotspot\src\share\vm\classfi
Event: 9.969 Thread 0x0000000018acc800 Exception <a 'java/lang/ClassNotFoundException': org/gradle/api/internal/artifacts/dependencies/AbstractExternalModuleDependencyBeanInfo> (0x00000000f7b45658) thrown at [C:\cygwin64\tmp\build\source\java-1.8.0-openjdk\tmp\jdk8u\hotspot\src\share\vm\classf
Event: 9.970 Thread 0x0000000018acc800 Exception <a 'java/lang/ClassNotFoundException': org/gradle/api/internal/artifacts/dependencies/AbstractModuleDependencyBeanInfo> (0x00000000f7b93e20) thrown at [C:\cygwin64\tmp\build\source\java-1.8.0-openjdk\tmp\jdk8u\hotspot\src\share\vm\classfile\syst
Event: 9.971 Thread 0x0000000018acc800 Exception <a 'java/lang/ClassNotFoundException': org/gradle/api/internal/artifacts/dependencies/AbstractDependencyBeanInfo> (0x00000000f7bde4a0) thrown at [C:\cygwin64\tmp\build\source\java-1.8.0-openjdk\tmp\jdk8u\hotspot\src\share\vm\classfile\systemDict
Event: 9.972 Thread 0x0000000018acc800 Exception <a 'java/lang/ClassNotFoundException': org/gradle/api/internal/artifacts/dependencies/AbstractDependencyCustomizer> (0x00000000f7c2b388) thrown at [C:\cygwin64\tmp\build\source\java-1.8.0-openjdk\tmp\jdk8u\hotspot\src\share\vm\classfile\systemDi
Event: 9.973 Thread 0x0000000018acc800 Exception <a 'java/lang/ClassNotFoundException': org/gradle/api/internal/artifacts/dependencies/AbstractModuleDependencyCustomizer> (0x00000000f7c7e028) thrown at [C:\cygwin64\tmp\build\source\java-1.8.0-openjdk\tmp\jdk8u\hotspot\src\share\vm\classfile\sy
Event: 9.975 Thread 0x0000000018acc800 Exception <a 'java/lang/ClassNotFoundException': org/gradle/api/internal/artifacts/dependencies/AbstractExternalModuleDependencyCustomizer> (0x00000000f7d149b8) thrown at [C:\cygwin64\tmp\build\source\java-1.8.0-openjdk\tmp\jdk8u\hotspot\src\share\vm\clas
Event: 9.976 Thread 0x0000000018acc800 Exception <a 'java/lang/ClassNotFoundException': org/gradle/api/internal/artifacts/dependencies/DefaultExternalModuleDependencyCustomizer> (0x00000000f7d995a0) thrown at [C:\cygwin64\tmp\build\source\java-1.8.0-openjdk\tmp\jdk8u\hotspot\src\share\vm\class
Event: 9.977 Thread 0x0000000018acc800 Exception <a 'java/lang/ClassNotFoundException': org/gradle/api/internal/artifacts/dependencies/DefaultExternalModuleDependency_DecoratedCustomizer> (0x00000000f7e1f7e8) thrown at [C:\cygwin64\tmp\build\source\java-1.8.0-openjdk\tmp\jdk8u\hotspot\src\shar

Events (10 events):
Event: 10.036 loading class org/gradle/api/internal/file/copy/CopySpecResolver
Event: 10.036 loading class org/gradle/api/internal/file/copy/CopySpecResolver done
Event: 10.036 loading class org/gradle/api/internal/tasks/DefaultTaskInputs$1
Event: 10.036 loading class org/gradle/api/internal/tasks/DefaultTaskInputs$1 done
Event: 10.036 loading class org/gradle/api/internal/tasks/TaskInputFilePropertyBuilderInternal
Event: 10.036 loading class org/gradle/api/internal/tasks/TaskInputFilePropertyBuilderInternal done
Event: 10.036 loading class org/gradle/api/internal/tasks/TaskFilePropertyBuilderInternal
Event: 10.036 loading class org/gradle/api/internal/tasks/TaskFilePropertyBuilderInternal done
Event: 10.036 loading class org/gradle/api/internal/tasks/StaticValue
Event: 10.036 loading class org/gradle/api/internal/tasks/StaticValue done


Dynamic libraries:
0x00007ff7133b0000 - 0x00007ff7133e5000 	C:\Program Files\OpenJDK\openjdk-8u275-b01\bin\java.exe
0x00007ffd37610000 - 0x00007ffd37805000 	C:\WINDOWS\SYSTEM32\ntdll.dll
0x00007ffd36ad0000 - 0x00007ffd36b8d000 	C:\WINDOWS\System32\KERNEL32.DLL
0x00007ffd34fe0000 - 0x00007ffd352a8000 	C:\WINDOWS\System32\KERNELBASE.dll
0x00007ffd364e0000 - 0x00007ffd3658c000 	C:\WINDOWS\System32\ADVAPI32.dll
0x00007ffd36270000 - 0x00007ffd3630e000 	C:\WINDOWS\System32\msvcrt.dll
0x00007ffd36a30000 - 0x00007ffd36acb000 	C:\WINDOWS\System32\sechost.dll
0x00007ffd37430000 - 0x00007ffd3755b000 	C:\WINDOWS\System32\RPCRT4.dll
0x00007ffd36310000 - 0x00007ffd364b0000 	C:\WINDOWS\System32\USER32.dll
0x00007ffd35330000 - 0x00007ffd35352000 	C:\WINDOWS\System32\win32u.dll
0x00007ffd364b0000 - 0x00007ffd364da000 	C:\WINDOWS\System32\GDI32.dll
0x00007ffd34d50000 - 0x00007ffd34e5b000 	C:\WINDOWS\System32\gdi32full.dll
0x00007ffd355d0000 - 0x00007ffd3566d000 	C:\WINDOWS\System32\msvcp_win.dll
0x00007ffd34e90000 - 0x00007ffd34f90000 	C:\WINDOWS\System32\ucrtbase.dll
0x00007ffd1de30000 - 0x00007ffd1e0ca000 	C:\WINDOWS\WinSxS\amd64_microsoft.windows.common-controls_6595b64144ccf1df_6.0.19041.844_none_ca00b6081b84eb1d\COMCTL32.dll
0x00007ffd35680000 - 0x00007ffd356b0000 	C:\WINDOWS\System32\IMM32.DLL
0x0000000052e80000 - 0x0000000052f52000 	C:\Program Files\OpenJDK\openjdk-8u275-b01\jre\bin\msvcr100.dll
0x00000000525e0000 - 0x0000000052e74000 	C:\Program Files\OpenJDK\openjdk-8u275-b01\jre\bin\server\jvm.dll
0x00007ffd36590000 - 0x00007ffd36598000 	C:\WINDOWS\System32\PSAPI.DLL
0x00007ffd2bee0000 - 0x00007ffd2beea000 	C:\WINDOWS\SYSTEM32\VERSION.dll
0x00007ffd27500000 - 0x00007ffd27527000 	C:\WINDOWS\SYSTEM32\WINMM.dll
0x00007ffd2bd60000 - 0x00007ffd2bd69000 	C:\WINDOWS\SYSTEM32\WSOCK32.dll
0x00007ffd37560000 - 0x00007ffd375cb000 	C:\WINDOWS\System32\WS2_32.dll
0x00007ffd27d10000 - 0x00007ffd27d1f000 	C:\Program Files\OpenJDK\openjdk-8u275-b01\jre\bin\verify.dll
0x00007ffd16d80000 - 0x00007ffd16da9000 	C:\Program Files\OpenJDK\openjdk-8u275-b01\jre\bin\java.dll
0x00007ffd26e20000 - 0x00007ffd26e36000 	C:\Program Files\OpenJDK\openjdk-8u275-b01\jre\bin\zip.dll
0x00007ffd35930000 - 0x00007ffd36072000 	C:\WINDOWS\System32\SHELL32.dll
0x00007ffd32ea0000 - 0x00007ffd33630000 	C:\WINDOWS\SYSTEM32\windows.storage.dll
0x00007ffd37000000 - 0x00007ffd37355000 	C:\WINDOWS\System32\combase.dll
0x00007ffd34750000 - 0x00007ffd3477c000 	C:\WINDOWS\SYSTEM32\Wldp.dll
0x00007ffd35800000 - 0x00007ffd358ae000 	C:\WINDOWS\System32\SHCORE.dll
0x00007ffd367c0000 - 0x00007ffd36815000 	C:\WINDOWS\System32\shlwapi.dll
0x00007ffd34c90000 - 0x00007ffd34caf000 	C:\WINDOWS\SYSTEM32\profapi.dll
0x00007ffd1f910000 - 0x00007ffd1f92b000 	C:\Program Files\OpenJDK\openjdk-8u275-b01\jre\bin\net.dll
0x00007ffd34460000 - 0x00007ffd344ca000 	C:\WINDOWS\system32\mswsock.dll
0x00007ffd1b8e0000 - 0x00007ffd1b8f2000 	C:\Program Files\OpenJDK\openjdk-8u275-b01\jre\bin\nio.dll
0x00007ffd27d20000 - 0x00007ffd27d46000 	C:\Users\91638\.gradle\native\fdc75f09e3144964f2cf3f50f0aa648679c211496f362492102eb8c894070792\windows-amd64\native-platform.dll
0x00007ffcf7480000 - 0x00007ffcf7611000 	C:\Users\91638\.gradle\native\12488b8bf47d2d4c9fbf2f6322a914ad602e24e48041cd04a747c6da556b65c4\windows-amd64\native-platform-file-events.dll
0x00007ffd27a60000 - 0x00007ffd27a6d000 	C:\Program Files\OpenJDK\openjdk-8u275-b01\jre\bin\management.dll
0x00007ffd34630000 - 0x00007ffd34648000 	C:\WINDOWS\SYSTEM32\CRYPTSP.dll
0x00007ffd33e00000 - 0x00007ffd33e34000 	C:\WINDOWS\system32\rsaenh.dll
0x00007ffd34e60000 - 0x00007ffd34e87000 	C:\WINDOWS\System32\bcrypt.dll
0x00007ffd34c50000 - 0x00007ffd34c7e000 	C:\WINDOWS\SYSTEM32\USERENV.dll
0x00007ffd352b0000 - 0x00007ffd35330000 	C:\WINDOWS\System32\bcryptprimitives.dll
0x00007ffd34650000 - 0x00007ffd3465c000 	C:\WINDOWS\SYSTEM32\CRYPTBASE.dll
0x00007ffd34150000 - 0x00007ffd3418b000 	C:\WINDOWS\SYSTEM32\IPHLPAPI.DLL
0x00007ffd36690000 - 0x00007ffd36698000 	C:\WINDOWS\System32\NSI.dll
0x00007ffd2b0f0000 - 0x00007ffd2b107000 	C:\WINDOWS\SYSTEM32\dhcpcsvc6.DLL
0x00007ffd2b660000 - 0x00007ffd2b67d000 	C:\WINDOWS\SYSTEM32\dhcpcsvc.DLL
0x00007ffd34190000 - 0x00007ffd3425c000 	C:\WINDOWS\SYSTEM32\DNSAPI.dll
0x00007ffd2ce10000 - 0x00007ffd2ce1b000 	C:\WINDOWS\SYSTEM32\WINNSI.DLL

VM Arguments:
jvm_args: -XX:MaxMetaspaceSize=256m -XX:+HeapDumpOnOutOfMemoryError -Xms256m -Xmx512m -Dfile.encoding=windows-1252 -Duser.country=IN -Duser.language=en -Duser.variant 
java_command: org.gradle.launcher.daemon.bootstrap.GradleDaemon 6.7
java_class_path (initial): C:\Users\91638\.gradle\wrapper\dists\gradle-6.7-all\cuy9mc7upwgwgeb72wkcrupxe\gradle-6.7\lib\gradle-launcher-6.7.jar
Launcher Type: SUN_STANDARD

Environment Variables:
JAVA_HOME=C:\Program Files\OpenJDK\openjdk-8u275-b01
CLASSPATH=D:\Vicky\React Native projects\rnstarterwithsplashandnavigation\android\\gradle\wrapper\gradle-wrapper.jar
PATH=D:\Vicky\React Native projects\rnstarterwithsplashandnavigation\android\node_modules\.bin;D:\Vicky\React Native projects\rnstarterwithsplashandnavigation\node_modules\.bin;D:\Vicky\React Native projects\node_modules\.bin;D:\Vicky\node_modules\.bin;D:\node_modules\.bin;C:\Program Files\nodejs;D:\Vicky\React Native projects\rnstarterwithsplashandnavigation\node_modules\.bin;C:\Users\91638\bin;C:\Program Files\Git\mingw64\bin;C:\Program Files\Git\usr\local\bin;C:\Program Files\Git\usr\bin;C:\Program Files\Git\usr\bin;C:\Program Files\Git\mingw64\bin;C:\Program Files\Git\usr\bin;C:\Users\91638\bin;C:\Python27;C:\Python27\Scripts;C:\WINDOWS\system32;C:\WINDOWS;C:\WINDOWS\System32\Wbem;C:\WINDOWS\System32\WindowsPowerShell\v1.0;C:\WINDOWS\System32\OpenSSH;C:\Users\91638\AppData\Local\Programs\Python\Python39;C:\Users\91638\AppData\Local\Programs\Python\Python39\Scripts;C:\ProgramData\chocolatey\bin;C:\Users\91638\AppData\Local\Android\Sdk\platform-tools;C:\Program Files (x86)\Yarn\bin;C:\Program Files\OpenJDK\openjdk-8u275-b01\bin;C:\Program Files\Git\cmd;C:\Program Files\nodejs;C:\Users\91638\AppData\Local\Microsoft\WindowsApps;C:\Users\91638\AppData\Local\Programs\Microsoft VS Code\bin;C:\Users\91638\AppData\Local\Yarn\bin;C:\Users\91638\AppData\Roaming\npm;C:\Program Files\Git\usr\bin\vendor_perl;C:\Program Files\Git\usr\bin\core_perl
USERNAME=vicky
SHELL=C:\Program Files\Git\usr\bin\bash.exe
DISPLAY=needs-to-be-defined
OS=Windows_NT
PROCESSOR_IDENTIFIER=Intel64 Family 6 Model 142 Stepping 12, GenuineIntel



---------------  S Y S T E M  ---------------

OS: Windows 10.0 , 64 bit Build 19041 (10.0.19041.928)

CPU:total 8 (initial active 8) (4 cores per cpu, 2 threads per core) family 6 model 142 stepping 12, cmov, cx8, fxsr, mmx, sse, sse2, sse3, ssse3, sse4.1, sse4.2, popcnt, avx, avx2, aes, clmul, erms, 3dnowpref, lzcnt, ht, tsc, tscinvbit, bmi1, bmi2, adx

Memory: 4k page, physical 8215284k(571464k free), swap 27415280k(5436k free)

vm_info: OpenJDK 64-Bit Server VM (25.275-b01) for windows-amd64 JRE (1.8.0_275-b01), built on Nov  6 2020 13:43:37 by "build" with MS VC++ 10.0 (VS2010)

time: Thu Jun 24 19:19:56 2021
timezone: India Standard Time
elapsed time: 10.047068 seconds (0d 0h 0m 10s)

