#
# There is insufficient memory for the Java Runtime Environment to continue.
# Native memory allocation (malloc) failed to allocate 1454560 bytes for Chunk::new
# Possible reasons:
#   The system is out of physical RAM or swap space
#   The process is running with CompressedOops enabled, and the Java Heap may be blocking the growth of the native heap
# Possible solutions:
#   Reduce memory load on the system
#   Increase physical memory or swap space
#   Check if swap backing store is full
#   Decrease Java heap size (-Xmx/-Xms)
#   Decrease number of Java threads
#   Decrease Java thread stack sizes (-Xss)
#   Set larger code cache with -XX:ReservedCodeCacheSize=
#   JVM is running with Unscaled Compressed Oops mode in which the Java heap is
#     placed in the first 4GB address space. The Java Heap base address is the
#     maximum limit for the native heap growth. Please use -XX:HeapBaseMinAddress
#     to set the Java Heap base and to place the Java Heap above 4GB virtual address.
# This output file may be truncated or incomplete.
#
#  Out of Memory Error (allocation.cpp:389), pid=24596, tid=0x0000000000004730
#
# JRE version: OpenJDK Runtime Environment (8.0_275-b01) (build 1.8.0_275-b01)
# Java VM: OpenJDK 64-Bit Server VM (25.275-b01 mixed mode windows-amd64 compressed oops)
# Failed to write core dump. Minidumps are not enabled by default on client versions of Windows
#

---------------  T H R E A D  ---------------

Current thread (0x0000000015e22000):  JavaThread "C2 CompilerThread1" daemon [_thread_in_native, id=18224, stack(0x00000000167e0000,0x00000000168e0000)]

Stack: [0x00000000167e0000,0x00000000168e0000]
[error occurred during error reporting (printing stack bounds), id 0xc0000005]

Native frames: (J=compiled Java code, j=interpreted, Vv=VM code, C=native code)


Current CompileTask:
C2: 149654 12331       4       org.objectweb.asm.ClassReader::readCode (5089 bytes)


---------------  P R O C E S S  ---------------

Java Threads: ( => current thread )
  0x000000001d723800 JavaThread "WorkerExecutor Queue Thread 9" [_thread_in_native, id=24564, stack(0x0000000021380000,0x0000000021480000)]
  0x000000001d72b000 JavaThread "stdout" [_thread_in_native, id=796, stack(0x00000000224d0000,0x00000000225d0000)]
  0x000000001d72a000 JavaThread "stderr" [_thread_in_native, id=16344, stack(0x00000000223d0000,0x00000000224d0000)]
  0x000000001d722000 JavaThread "stdout" [_thread_in_native, id=18108, stack(0x00000000222d0000,0x00000000223d0000)]
  0x000000001d723000 JavaThread "stderr" [_thread_in_native, id=23244, stack(0x00000000221d0000,0x00000000222d0000)]
  0x000000001d727000 JavaThread "stdout" [_thread_in_native, id=8780, stack(0x0000000021bd0000,0x0000000021cd0000)]
  0x000000001d726000 JavaThread "stderr" [_thread_in_native, id=1992, stack(0x0000000021680000,0x0000000021780000)]
  0x000000001d724800 JavaThread "stdout" [_thread_in_native, id=14384, stack(0x0000000021e00000,0x0000000021f00000)]
  0x000000001d729000 JavaThread "stderr" [_thread_in_native, id=10136, stack(0x0000000021d00000,0x0000000021e00000)]
  0x000000001d721800 JavaThread "stdout" [_thread_in_native, id=15544, stack(0x0000000021ad0000,0x0000000021bd0000)]
  0x000000001d725800 JavaThread "stderr" [_thread_in_native, id=14416, stack(0x00000000219d0000,0x0000000021ad0000)]
  0x000000001d727800 JavaThread "stdout" [_thread_in_native, id=7704, stack(0x00000000218d0000,0x00000000219d0000)]
  0x000000001d728800 JavaThread "stderr" [_thread_in_native, id=17000, stack(0x00000000217d0000,0x00000000218d0000)]
  0x000000001d720800 JavaThread "stdout" [_thread_in_native, id=9808, stack(0x0000000021580000,0x0000000021680000)]
  0x00000000187da000 JavaThread "stderr" [_thread_in_native, id=7032, stack(0x0000000021480000,0x0000000021580000)]
  0x00000000187df800 JavaThread "WorkerExecutor Queue Thread 7" [_thread_blocked, id=20316, stack(0x0000000021280000,0x0000000021380000)]
  0x00000000187d7800 JavaThread "pool-2-thread-1" [_thread_blocked, id=23580, stack(0x0000000021060000,0x0000000021160000)]
  0x00000000187d7000 JavaThread "WorkerExecutor Queue Thread 6" [_thread_blocked, id=10180, stack(0x0000000021180000,0x0000000021280000)]
  0x00000000187d5000 JavaThread "WorkerExecutor Queue Thread 5" [_thread_blocked, id=11536, stack(0x0000000020e40000,0x0000000020f40000)]
  0x00000000187d6000 JavaThread "WorkerExecutor Queue Thread 4" [_thread_blocked, id=17704, stack(0x0000000020f60000,0x0000000021060000)]
  0x0000000017fef000 JavaThread "WorkerExecutor Queue Thread 3" [_thread_blocked, id=11584, stack(0x0000000019bc0000,0x0000000019cc0000)]
  0x0000000017fe5000 JavaThread "WorkerExecutor Queue Thread 2" [_thread_blocked, id=16472, stack(0x0000000020b40000,0x0000000020c40000)]
  0x00000000187de800 JavaThread "WorkerExecutor Queue" [_thread_blocked, id=16744, stack(0x000000002a280000,0x000000002a380000)]
  0x00000000187de000 JavaThread "Cache worker for execution history cache (D:\Vicky\React Native projects\rnstarterwithsplashandnavigation\android\.gradle\6.7\executionHistory)" [_thread_blocked, id=9188, stack(0x0000000029f80000,0x000000002a080000)]
  0x00000000187e4000 JavaThread "Execution worker for ':' Thread 7" [_thread_blocked, id=19932, stack(0x0000000029e80000,0x0000000029f80000)]
  0x00000000187dc800 JavaThread "Execution worker for ':' Thread 6" [_thread_blocked, id=27148, stack(0x0000000029d80000,0x0000000029e80000)]
  0x00000000187e3800 JavaThread "Execution worker for ':' Thread 5" [_thread_blocked, id=10600, stack(0x0000000028c50000,0x0000000028d50000)]
  0x00000000187db800 JavaThread "Execution worker for ':' Thread 4" [_thread_blocked, id=25984, stack(0x0000000028b50000,0x0000000028c50000)]
  0x00000000187e2800 JavaThread "Execution worker for ':' Thread 3" [_thread_blocked, id=26436, stack(0x0000000028a50000,0x0000000028b50000)]
  0x00000000187da800 JavaThread "Execution worker for ':' Thread 2" [_thread_blocked, id=13136, stack(0x0000000028510000,0x0000000028610000)]
  0x00000000187dd000 JavaThread "Execution worker for ':'" [_thread_in_Java, id=1308, stack(0x0000000000bb0000,0x0000000000cb0000)]
  0x00000000187e1000 JavaThread "Memory manager" [_thread_blocked, id=14636, stack(0x0000000026a40000,0x0000000026b40000)]
  0x00000000187d9000 JavaThread "pool-1-thread-1" [_thread_blocked, id=23452, stack(0x0000000026540000,0x0000000026640000)]
  0x0000000017fec000 JavaThread "Build operations Thread 8" [_thread_in_Java, id=15164, stack(0x0000000020440000,0x0000000020540000)]
  0x0000000017feb800 JavaThread "Build operations Thread 7" [_thread_blocked, id=14600, stack(0x0000000020340000,0x0000000020440000)]
  0x0000000017fe3800 JavaThread "Build operations Thread 6" [_thread_in_native, id=9220, stack(0x0000000020240000,0x0000000020340000)]
  0x0000000017fea800 JavaThread "Build operations Thread 5" [_thread_in_native, id=268, stack(0x0000000020140000,0x0000000020240000)]
  0x0000000017fe2800 JavaThread "Build operations Thread 4" [_thread_in_native, id=19700, stack(0x0000000020040000,0x0000000020140000)]
  0x0000000017fe9000 JavaThread "Build operations Thread 3" [_thread_in_native, id=15732, stack(0x000000001ff40000,0x0000000020040000)]
  0x0000000017fe8000 JavaThread "Build operations Thread 2" [_thread_blocked, id=27424, stack(0x000000001fe40000,0x000000001ff40000)]
  0x0000000017fe6800 JavaThread "Build operations" [_thread_blocked, id=24680, stack(0x000000001fd40000,0x000000001fe40000)]
  0x0000000017fe9800 JavaThread "Cache worker for Build Output Cleanup Cache (D:\Vicky\React Native projects\rnstarterwithsplashandnavigation\android\.gradle\buildOutputCleanup)" [_thread_blocked, id=26116, stack(0x000000001f610000,0x000000001f710000)]
  0x0000000017fe2000 JavaThread "Cache worker for file content cache (C:\Users\91638\.gradle\caches\6.7\fileContent)" [_thread_blocked, id=8156, stack(0x000000001f510000,0x000000001f610000)]
  0x0000000018cbc000 JavaThread "Cache worker for execution history cache (C:\Users\91638\.gradle\caches\6.7\executionHistory)" [_thread_blocked, id=27200, stack(0x000000001e910000,0x000000001ea10000)]
  0x0000000018cbc800 JavaThread "Cache worker for cache directory md-rule (C:\Users\91638\.gradle\caches\6.7\md-rule)" [_thread_blocked, id=17172, stack(0x000000001e810000,0x000000001e910000)]
  0x0000000018cbf800 JavaThread "Cache worker for cache directory md-supplier (C:\Users\91638\.gradle\caches\6.7\md-supplier)" [_thread_blocked, id=24724, stack(0x000000001e710000,0x000000001e810000)]
  0x0000000018cbb000 JavaThread "Cache worker for checksums cache (D:\Vicky\React Native projects\rnstarterwithsplashandnavigation\android\.gradle\checksums)" [_thread_blocked, id=18496, stack(0x000000001d1a0000,0x000000001d2a0000)]
  0x0000000018cbd800 JavaThread "Cache worker for file hash cache (D:\Vicky\React Native projects\rnstarterwithsplashandnavigation\android\.gradle\6.7\fileHashes)" [_thread_blocked, id=4508, stack(0x000000001d0a0000,0x000000001d1a0000)]
  0x0000000018cbf000 JavaThread "Cache worker for journal cache (C:\Users\91638\.gradle\caches\journal-1)" [_thread_blocked, id=16572, stack(0x000000001ae00000,0x000000001af00000)]
  0x0000000018cba000 JavaThread "File lock request listener" [_thread_in_native, id=14004, stack(0x000000001ad00000,0x000000001ae00000)]
  0x0000000018cbe000 JavaThread "Cache worker for file hash cache (C:\Users\91638\.gradle\caches\6.7\fileHashes)" [_thread_blocked, id=19336, stack(0x000000001ac00000,0x000000001ad00000)]
  0x00000000188ac800 JavaThread "Thread-9" [_thread_blocked, id=19000, stack(0x000000001a900000,0x000000001aa00000)]
  0x00000000188a9800 JavaThread "Stdin handler" [_thread_blocked, id=10476, stack(0x000000001a800000,0x000000001a900000)]
  0x00000000188a9000 JavaThread "Asynchronous log dispatcher for DefaultDaemonConnection: socket connection from /127.0.0.1:49995 to /127.0.0.1:49996" [_thread_blocked, id=21128, stack(0x000000001a700000,0x000000001a800000)]
  0x000000001849e000 JavaThread "Daemon worker" [_thread_blocked, id=25796, stack(0x000000001a600000,0x000000001a700000)]
  0x00000000188a7800 JavaThread "Cancel handler" [_thread_blocked, id=26876, stack(0x000000001a400000,0x000000001a500000)]
  0x00000000188b8800 JavaThread "Handler for socket connection from /127.0.0.1:49995 to /127.0.0.1:49996" [_thread_in_native, id=8824, stack(0x000000001a300000,0x000000001a400000)]
  0x0000000018478000 JavaThread "Daemon" [_thread_blocked, id=24188, stack(0x000000001a000000,0x000000001a100000)]
  0x00000000184ab000 JavaThread "Daemon periodic checks" [_thread_blocked, id=18856, stack(0x0000000019f00000,0x000000001a000000)]
  0x000000001846e800 JavaThread "Incoming local TCP Connector on port 49995" [_thread_in_native, id=15160, stack(0x0000000019cc0000,0x0000000019dc0000)]
  0x00000000183d5000 JavaThread "Daemon health stats" [_thread_blocked, id=5140, stack(0x00000000186b0000,0x00000000187b0000)]
  0x0000000015ea6800 JavaThread "Service Thread" daemon [_thread_blocked, id=13184, stack(0x0000000016ae0000,0x0000000016be0000)]
  0x0000000015e2d000 JavaThread "C1 CompilerThread3" daemon [_thread_blocked, id=14688, stack(0x00000000169e0000,0x0000000016ae0000)]
  0x0000000015e23800 JavaThread "C2 CompilerThread2" daemon [_thread_blocked, id=26528, stack(0x00000000168e0000,0x00000000169e0000)]
=>0x0000000015e22000 JavaThread "C2 CompilerThread1" daemon [_thread_in_native, id=18224, stack(0x00000000167e0000,0x00000000168e0000)]
  0x0000000015e20000 JavaThread "C2 CompilerThread0" daemon [_thread_in_native, id=2916, stack(0x00000000166e0000,0x00000000167e0000)]
  0x0000000015e0f800 JavaThread "Attach Listener" daemon [_thread_blocked, id=13704, stack(0x00000000165e0000,0x00000000166e0000)]
  0x0000000015e0e800 JavaThread "Signal Dispatcher" daemon [_thread_blocked, id=27108, stack(0x00000000164e0000,0x00000000165e0000)]
  0x0000000014002800 JavaThread "Finalizer" daemon [_thread_blocked, id=24780, stack(0x00000000162e0000,0x00000000163e0000)]
  0x0000000013ffb800 JavaThread "Reference Handler" daemon [_thread_blocked, id=15036, stack(0x00000000161e0000,0x00000000162e0000)]
  0x000000000278e800 JavaThread "main" [_thread_blocked, id=22452, stack(0x0000000002510000,0x0000000002610000)]

Other Threads:
  0x0000000013ff7800 VMThread [stack: 0x0000000015ce0000,0x0000000015de0000] [id=4872]
  0x0000000015e39800 WatcherThread [stack: 0x0000000016be0000,0x0000000016ce0000] [id=6024]

VM state:not at safepoint (normal execution)

VM Mutex/Monitor currently owned by a thread: None

heap address: 0x00000000e0000000, size: 512 MB, Compressed Oops mode: 32-bit
Narrow klass base: 0x0000000000000000, Narrow klass shift: 3
Compressed class space size: 1073741824 Address: 0x0000000100000000

Heap:
 PSYoungGen      total 140800K, used 113240K [0x00000000f5580000, 0x00000000ffe00000, 0x0000000100000000)
  eden space 111104K, 93% used [0x00000000f5580000,0x00000000fbb4a180,0x00000000fc200000)
  from space 29696K, 30% used [0x00000000fe100000,0x00000000fe9cc168,0x00000000ffe00000)
  to   space 30720K, 0% used [0x00000000fc200000,0x00000000fc200000,0x00000000fe000000)
 ParOldGen       total 175104K, used 74162K [0x00000000e0000000, 0x00000000eab00000, 0x00000000f5580000)
  object space 175104K, 42% used [0x00000000e0000000,0x00000000e486c988,0x00000000eab00000)
 Metaspace       used 83871K, capacity 87796K, committed 87896K, reserved 1124352K
  class space    used 11340K, capacity 12088K, committed 12120K, reserved 1048576K

Card table byte_map: [0x0000000011b50000,0x0000000011c60000] byte_map_base: 0x0000000011450000

Marking Bits: (ParMarkBitMap*) 0x00000000541923c0
 Begin Bits: [0x0000000012510000, 0x0000000012d10000)
 End Bits:   [0x0000000012d10000, 0x0000000013510000)

Polling page: 0x00000000007d0000

CodeCache: size=245760Kb used=38720Kb max_used=38738Kb free=207039Kb
 bounds [0x0000000002790000, 0x0000000004da0000, 0x0000000011790000]
 total_blobs=11766 nmethods=10883 adapters=794
 compilation: enabled

Compilation events (10 events):
Event: 149.639 Thread 0x0000000015e2d000 nmethod 12726 0x0000000004d7a2d0 code [0x0000000004d7a440, 0x0000000004d7a670]
Event: 149.639 Thread 0x0000000015e2d000 12727       3       org.gradle.internal.operations.DefaultBuildOperationQueue$WorkerRunnable::<init> (10 bytes)
Event: 149.639 Thread 0x0000000015e23800 12717       4       org.gradle.api.internal.artifacts.ivyservice.resolveengine.artifact.DefaultArtifactSet::select (26 bytes)
Event: 149.639 Thread 0x0000000015e2d000 nmethod 12727 0x0000000004d80f90 code [0x0000000004d810e0, 0x0000000004d812b0]
Event: 149.639 Thread 0x0000000015e2d000 12725       3       com.google.common.collect.Synchronized$SynchronizedObject::<init> (26 bytes)
Event: 149.639 Thread 0x0000000015e2d000 nmethod 12725 0x0000000004d80910 code [0x0000000004d80aa0, 0x0000000004d80e28]
Event: 149.644 Thread 0x0000000015e23800 nmethod 12717 0x0000000004d89bd0 code [0x0000000004d89d40, 0x0000000004d89f28]
Event: 149.644 Thread 0x0000000015e23800 12714       4       org.gradle.api.internal.artifacts.transform.TransformationStep::isolateParameters (9 bytes)
Event: 149.646 Thread 0x0000000015e23800 nmethod 12714 0x0000000004d8a350 code [0x0000000004d8a4a0, 0x0000000004d8a5c8]
Event: 149.647 Thread 0x0000000015e23800 12728       4       com.google.common.collect.CompactHashMap$Itr::next (53 bytes)

GC Heap History (10 events):
Event: 107.762 GC heap before
{Heap before GC invocations=17 (full 3):
 PSYoungGen      total 154624K, used 154299K [0x00000000f5580000, 0x0000000100000000, 0x0000000100000000)
  eden space 134656K, 99% used [0x00000000f5580000,0x00000000fd8b1130,0x00000000fd900000)
  from space 19968K, 99% used [0x00000000fd900000,0x00000000fec7dc88,0x00000000fec80000)
  to   space 19968K, 0% used [0x00000000fec80000,0x00000000fec80000,0x0000000100000000)
 ParOldGen       total 175104K, used 32007K [0x00000000e0000000, 0x00000000eab00000, 0x00000000f5580000)
  object space 175104K, 18% used [0x00000000e0000000,0x00000000e1f41dc0,0x00000000eab00000)
 Metaspace       used 75361K, capacity 78878K, committed 78936K, reserved 1118208K
  class space    used 10372K, capacity 11077K, committed 11096K, reserved 1048576K
Event: 107.842 GC heap after
Heap after GC invocations=17 (full 3):
 PSYoungGen      total 131072K, used 19949K [0x00000000f5580000, 0x0000000100000000, 0x0000000100000000)
  eden space 111104K, 0% used [0x00000000f5580000,0x00000000f5580000,0x00000000fc200000)
  from space 19968K, 99% used [0x00000000fec80000,0x00000000ffffb5f0,0x0000000100000000)
  to   space 31744K, 0% used [0x00000000fc200000,0x00000000fc200000,0x00000000fe100000)
 ParOldGen       total 175104K, used 51468K [0x00000000e0000000, 0x00000000eab00000, 0x00000000f5580000)
  object space 175104K, 29% used [0x00000000e0000000,0x00000000e3243260,0x00000000eab00000)
 Metaspace       used 75361K, capacity 78878K, committed 78936K, reserved 1118208K
  class space    used 10372K, capacity 11077K, committed 11096K, reserved 1048576K
}
Event: 110.636 GC heap before
{Heap before GC invocations=18 (full 3):
 PSYoungGen      total 131072K, used 131053K [0x00000000f5580000, 0x0000000100000000, 0x0000000100000000)
  eden space 111104K, 100% used [0x00000000f5580000,0x00000000fc200000,0x00000000fc200000)
  from space 19968K, 99% used [0x00000000fec80000,0x00000000ffffb5f0,0x0000000100000000)
  to   space 31744K, 0% used [0x00000000fc200000,0x00000000fc200000,0x00000000fe100000)
 ParOldGen       total 175104K, used 51468K [0x00000000e0000000, 0x00000000eab00000, 0x00000000f5580000)
  object space 175104K, 29% used [0x00000000e0000000,0x00000000e3243260,0x00000000eab00000)
 Metaspace       used 75871K, capacity 79358K, committed 79576K, reserved 1118208K
  class space    used 10398K, capacity 11109K, committed 11224K, reserved 1048576K
Event: 110.701 GC heap after
Heap after GC invocations=18 (full 3):
 PSYoungGen      total 142848K, used 17464K [0x00000000f5580000, 0x0000000100000000, 0x0000000100000000)
  eden space 111104K, 0% used [0x00000000f5580000,0x00000000f5580000,0x00000000fc200000)
  from space 31744K, 55% used [0x00000000fc200000,0x00000000fd30e348,0x00000000fe100000)
  to   space 31232K, 0% used [0x00000000fe180000,0x00000000fe180000,0x0000000100000000)
 ParOldGen       total 175104K, used 70934K [0x00000000e0000000, 0x00000000eab00000, 0x00000000f5580000)
  object space 175104K, 40% used [0x00000000e0000000,0x00000000e4545858,0x00000000eab00000)
 Metaspace       used 75871K, capacity 79358K, committed 79576K, reserved 1118208K
  class space    used 10398K, capacity 11109K, committed 11224K, reserved 1048576K
}
Event: 124.799 GC heap before
{Heap before GC invocations=19 (full 3):
 PSYoungGen      total 142848K, used 128568K [0x00000000f5580000, 0x0000000100000000, 0x0000000100000000)
  eden space 111104K, 100% used [0x00000000f5580000,0x00000000fc200000,0x00000000fc200000)
  from space 31744K, 55% used [0x00000000fc200000,0x00000000fd30e348,0x00000000fe100000)
  to   space 31232K, 0% used [0x00000000fe180000,0x00000000fe180000,0x0000000100000000)
 ParOldGen       total 175104K, used 70934K [0x00000000e0000000, 0x00000000eab00000, 0x00000000f5580000)
  object space 175104K, 40% used [0x00000000e0000000,0x00000000e4545858,0x00000000eab00000)
 Metaspace       used 77189K, capacity 80758K, committed 80984K, reserved 1118208K
  class space    used 10550K, capacity 11271K, committed 11352K, reserved 1048576K
Event: 124.835 GC heap after
Heap after GC invocations=19 (full 3):
 PSYoungGen      total 142336K, used 2649K [0x00000000f5580000, 0x0000000100000000, 0x0000000100000000)
  eden space 111104K, 0% used [0x00000000f5580000,0x00000000f5580000,0x00000000fc200000)
  from space 31232K, 8% used [0x00000000fe180000,0x00000000fe4164d8,0x0000000100000000)
  to   space 31744K, 0% used [0x00000000fc200000,0x00000000fc200000,0x00000000fe100000)
 ParOldGen       total 175104K, used 70982K [0x00000000e0000000, 0x00000000eab00000, 0x00000000f5580000)
  object space 175104K, 40% used [0x00000000e0000000,0x00000000e4551858,0x00000000eab00000)
 Metaspace       used 77189K, capacity 80758K, committed 80984K, reserved 1118208K
  class space    used 10550K, capacity 11271K, committed 11352K, reserved 1048576K
}
Event: 137.707 GC heap before
{Heap before GC invocations=20 (full 3):
 PSYoungGen      total 142336K, used 113753K [0x00000000f5580000, 0x0000000100000000, 0x0000000100000000)
  eden space 111104K, 100% used [0x00000000f5580000,0x00000000fc200000,0x00000000fc200000)
  from space 31232K, 8% used [0x00000000fe180000,0x00000000fe4164d8,0x0000000100000000)
  to   space 31744K, 0% used [0x00000000fc200000,0x00000000fc200000,0x00000000fe100000)
 ParOldGen       total 175104K, used 70982K [0x00000000e0000000, 0x00000000eab00000, 0x00000000f5580000)
  object space 175104K, 40% used [0x00000000e0000000,0x00000000e4551858,0x00000000eab00000)
 Metaspace       used 79003K, capacity 82712K, committed 82904K, reserved 1120256K
  class space    used 10717K, capacity 11464K, committed 11480K, reserved 1048576K
Event: 137.763 GC heap after
Heap after GC invocations=20 (full 3):
 PSYoungGen      total 142848K, used 3125K [0x00000000f5580000, 0x0000000100000000, 0x0000000100000000)
  eden space 111104K, 0% used [0x00000000f5580000,0x00000000f5580000,0x00000000fc200000)
  from space 31744K, 9% used [0x00000000fc200000,0x00000000fc50d4e0,0x00000000fe100000)
  to   space 31744K, 0% used [0x00000000fe100000,0x00000000fe100000,0x0000000100000000)
 ParOldGen       total 175104K, used 72477K [0x00000000e0000000, 0x00000000eab00000, 0x00000000f5580000)
  object space 175104K, 41% used [0x00000000e0000000,0x00000000e46c75d0,0x00000000eab00000)
 Metaspace       used 79003K, capacity 82712K, committed 82904K, reserved 1120256K
  class space    used 10717K, capacity 11464K, committed 11480K, reserved 1048576K
}
Event: 145.800 GC heap before
{Heap before GC invocations=21 (full 3):
 PSYoungGen      total 142848K, used 114229K [0x00000000f5580000, 0x0000000100000000, 0x0000000100000000)
  eden space 111104K, 100% used [0x00000000f5580000,0x00000000fc200000,0x00000000fc200000)
  from space 31744K, 9% used [0x00000000fc200000,0x00000000fc50d4e0,0x00000000fe100000)
  to   space 31744K, 0% used [0x00000000fe100000,0x00000000fe100000,0x0000000100000000)
 ParOldGen       total 175104K, used 72477K [0x00000000e0000000, 0x00000000eab00000, 0x00000000f5580000)
  object space 175104K, 41% used [0x00000000e0000000,0x00000000e46c75f8,0x00000000eab00000)
 Metaspace       used 82997K, capacity 86784K, committed 87000K, reserved 1124352K
  class space    used 11228K, capacity 11970K, committed 11992K, reserved 1048576K
Event: 145.868 GC heap after
Heap after GC invocations=21 (full 3):
 PSYoungGen      total 140800K, used 9008K [0x00000000f5580000, 0x00000000ffe00000, 0x0000000100000000)
  eden space 111104K, 0% used [0x00000000f5580000,0x00000000f5580000,0x00000000fc200000)
  from space 29696K, 30% used [0x00000000fe100000,0x00000000fe9cc168,0x00000000ffe00000)
  to   space 30720K, 0% used [0x00000000fc200000,0x00000000fc200000,0x00000000fe000000)
 ParOldGen       total 175104K, used 74162K [0x00000000e0000000, 0x00000000eab00000, 0x00000000f5580000)
  object space 175104K, 42% used [0x00000000e0000000,0x00000000e486c988,0x00000000eab00000)
 Metaspace       used 82997K, capacity 86784K, committed 87000K, reserved 1124352K
  class space    used 11228K, capacity 11970K, committed 11992K, reserved 1048576K
}

Deoptimization events (10 events):
Event: 149.147 Thread 0x00000000187dd000 Uncommon trap: reason=unstable_if action=reinterpret pc=0x0000000004b60eac method=com.google.common.cache.LocalCache$Segment.recordWrite(Lcom/google/common/cache/ReferenceEntry;IJ)V @ 22
Event: 149.171 Thread 0x000000001d723800 Uncommon trap: reason=unstable_if action=reinterpret pc=0x0000000004b90c58 method=com.android.tools.build.apkzlib.zip.ZipField.verify(Ljava/nio/ByteBuffer;JLcom/android/tools/build/apkzlib/zip/VerifyLog;)V @ 16
Event: 149.179 Thread 0x00000000187dd000 Uncommon trap: reason=class_check action=maybe_recompile pc=0x00000000048bad14 method=com.google.common.cache.LocalCache$Segment.get(Ljava/lang/Object;I)Ljava/lang/Object; @ 14
Event: 149.180 Thread 0x00000000187dd000 Uncommon trap: reason=unstable_if action=reinterpret pc=0x000000000412b118 method=com.google.common.cache.LocalCache.isExpired(Lcom/google/common/cache/ReferenceEntry;J)Z @ 9
Event: 149.181 Thread 0x00000000187dd000 Uncommon trap: reason=class_check action=maybe_recompile pc=0x00000000048bad14 method=com.google.common.cache.LocalCache$Segment.get(Ljava/lang/Object;I)Ljava/lang/Object; @ 14
Event: 149.190 Thread 0x00000000187dd000 Uncommon trap: reason=class_check action=maybe_recompile pc=0x00000000048bad14 method=com.google.common.cache.LocalCache$Segment.get(Ljava/lang/Object;I)Ljava/lang/Object; @ 14
Event: 149.210 Thread 0x00000000187dd000 Uncommon trap: reason=class_check action=maybe_recompile pc=0x00000000048bad14 method=com.google.common.cache.LocalCache$Segment.get(Ljava/lang/Object;I)Ljava/lang/Object; @ 14
Event: 149.215 Thread 0x00000000187dd000 Uncommon trap: reason=class_check action=maybe_recompile pc=0x00000000048a1428 method=com.google.common.cache.LocalCache$Segment.get(Ljava/lang/Object;I)Ljava/lang/Object; @ 14
Event: 149.568 Thread 0x00000000187dd000 Uncommon trap: reason=unstable_if action=reinterpret pc=0x0000000004d67df0 method=com.google.common.cache.LocalCache$Segment.recordRead(Lcom/google/common/cache/ReferenceEntry;J)V @ 7
Event: 149.620 Thread 0x00000000187dd000 Uncommon trap: reason=unstable_if action=reinterpret pc=0x0000000004d7dca0 method=com.google.common.cache.LocalCache$Segment.recordRead(Lcom/google/common/cache/ReferenceEntry;J)V @ 7

Classes redefined (0 events):
No events

Internal exceptions (10 events):
Event: 144.854 Thread 0x00000000187da800 Exception <a 'java/lang/NoSuchMethodError': <clinit>> (0x00000000faa99840) thrown at [C:\cygwin64\tmp\build\source\java-1.8.0-openjdk\tmp\jdk8u\hotspot\src\share\vm\prims\jni.cpp, line 1616]
Event: 144.865 Thread 0x000000001d723800 Exception <a 'sun/nio/fs/WindowsException'> (0x00000000faac0270) thrown at [C:\cygwin64\tmp\build\source\java-1.8.0-openjdk\tmp\jdk8u\hotspot\src\share\vm\prims\jni.cpp, line 711]
Event: 144.910 Thread 0x000000001d723800 Exception <a 'java/lang/NoSuchMethodError': java.lang.Object.lambda$asRunnable$0(Lcom/android/tools/build/apkzlib/utils/IOExceptionRunnable;)V> (0x00000000faaf57d8) thrown at [C:\cygwin64\tmp\build\source\java-1.8.0-openjdk\tmp\jdk8u\hotspot\src\share\vm\
Event: 145.177 Thread 0x0000000017fec000 Exception <a 'sun/nio/fs/WindowsException'> (0x00000000fb166798) thrown at [C:\cygwin64\tmp\build\source\java-1.8.0-openjdk\tmp\jdk8u\hotspot\src\share\vm\prims\jni.cpp, line 711]
Event: 145.249 Thread 0x000000001d723800 Exception <a 'java/lang/NoSuchMethodError': java.lang.Object.newSystemTemporaryDirectory()Lcom/android/tools/build/apkzlib/bytestorage/TemporaryDirectory;> (0x00000000fb5f8db8) thrown at [C:\cygwin64\tmp\build\source\java-1.8.0-openjdk\tmp\jdk8u\hotspot\s
Event: 146.270 Thread 0x0000000017fec000 Implicit null exception at 0x00000000044e0257 to 0x00000000044e1481
Event: 146.349 Thread 0x0000000017fec000 Exception <a 'sun/nio/fs/WindowsException'> (0x00000000f66cc618) thrown at [C:\cygwin64\tmp\build\source\java-1.8.0-openjdk\tmp\jdk8u\hotspot\src\share\vm\prims\jni.cpp, line 711]
Event: 146.398 Thread 0x0000000017fec000 Exception <a 'java/lang/NoSuchMethodError': java.lang.Object.lambda$static$0(Ljava/lang/String;)Z> (0x00000000f6704b20) thrown at [C:\cygwin64\tmp\build\source\java-1.8.0-openjdk\tmp\jdk8u\hotspot\src\share\vm\interpreter\linkResolver.cpp, line 620]
Event: 148.602 Thread 0x00000000187dd000 Implicit null exception at 0x0000000003b83319 to 0x0000000003b83c81
Event: 148.602 Thread 0x00000000187dd000 Implicit null exception at 0x0000000003b7fd74 to 0x0000000003b804f5

Events (10 events):
Event: 149.624 loading class com/android/tools/r8/q/a/a/b/h2
Event: 149.624 loading class com/android/tools/r8/q/a/a/b/h2 done
Event: 149.625 loading class com/android/tools/r8/q/a/a/b/w0
Event: 149.625 loading class com/android/tools/r8/q/a/a/b/w0 done
Event: 149.626 loading class com/android/tools/r8/q/a/a/a/D
Event: 149.626 loading class com/android/tools/r8/q/a/a/a/D done
Event: 149.630 loading class com/android/tools/r8/q/a/a/a/J
Event: 149.630 loading class com/android/tools/r8/q/a/a/a/J done
Event: 149.631 loading class com/android/tools/r8/q/a/a/a/V
Event: 149.631 loading class com/android/tools/r8/q/a/a/a/V done


Dynamic libraries:
0x00007ff6415f0000 - 0x00007ff641625000 	C:\Program Files\OpenJDK\openjdk-8u275-b01\bin\java.exe
0x00007ffd37610000 - 0x00007ffd37805000 	C:\WINDOWS\SYSTEM32\ntdll.dll
0x00007ffd36ad0000 - 0x00007ffd36b8d000 	C:\WINDOWS\System32\KERNEL32.DLL
0x00007ffd34fe0000 - 0x00007ffd352a8000 	C:\WINDOWS\System32\KERNELBASE.dll
0x00007ffd364e0000 - 0x00007ffd3658c000 	C:\WINDOWS\System32\ADVAPI32.dll
0x00007ffd36270000 - 0x00007ffd3630e000 	C:\WINDOWS\System32\msvcrt.dll
0x00007ffd36a30000 - 0x00007ffd36acb000 	C:\WINDOWS\System32\sechost.dll
0x00007ffd37430000 - 0x00007ffd3755b000 	C:\WINDOWS\System32\RPCRT4.dll
0x00007ffd36310000 - 0x00007ffd364b0000 	C:\WINDOWS\System32\USER32.dll
0x00007ffd35330000 - 0x00007ffd35352000 	C:\WINDOWS\System32\win32u.dll
0x00007ffd364b0000 - 0x00007ffd364da000 	C:\WINDOWS\System32\GDI32.dll
0x00007ffd34d50000 - 0x00007ffd34e5b000 	C:\WINDOWS\System32\gdi32full.dll
0x00007ffd355d0000 - 0x00007ffd3566d000 	C:\WINDOWS\System32\msvcp_win.dll
0x00007ffd34e90000 - 0x00007ffd34f90000 	C:\WINDOWS\System32\ucrtbase.dll
0x00007ffd1de30000 - 0x00007ffd1e0ca000 	C:\WINDOWS\WinSxS\amd64_microsoft.windows.common-controls_6595b64144ccf1df_6.0.19041.844_none_ca00b6081b84eb1d\COMCTL32.dll
0x00007ffd35680000 - 0x00007ffd356b0000 	C:\WINDOWS\System32\IMM32.DLL
0x0000000054220000 - 0x00000000542f2000 	C:\Program Files\OpenJDK\openjdk-8u275-b01\jre\bin\msvcr100.dll
0x0000000053980000 - 0x0000000054214000 	C:\Program Files\OpenJDK\openjdk-8u275-b01\jre\bin\server\jvm.dll
0x00007ffd36590000 - 0x00007ffd36598000 	C:\WINDOWS\System32\PSAPI.DLL
0x00007ffd27830000 - 0x00007ffd27839000 	C:\WINDOWS\SYSTEM32\WSOCK32.dll
0x00007ffd27500000 - 0x00007ffd27527000 	C:\WINDOWS\SYSTEM32\WINMM.dll
0x00007ffd2bee0000 - 0x00007ffd2beea000 	C:\WINDOWS\SYSTEM32\VERSION.dll
0x00007ffd37560000 - 0x00007ffd375cb000 	C:\WINDOWS\System32\WS2_32.dll
0x00007ffd276a0000 - 0x00007ffd276af000 	C:\Program Files\OpenJDK\openjdk-8u275-b01\jre\bin\verify.dll
0x00007ffd27400000 - 0x00007ffd27429000 	C:\Program Files\OpenJDK\openjdk-8u275-b01\jre\bin\java.dll
0x00007ffd27480000 - 0x00007ffd27496000 	C:\Program Files\OpenJDK\openjdk-8u275-b01\jre\bin\zip.dll
0x00007ffd35930000 - 0x00007ffd36072000 	C:\WINDOWS\System32\SHELL32.dll
0x00007ffd32ea0000 - 0x00007ffd33630000 	C:\WINDOWS\SYSTEM32\windows.storage.dll
0x00007ffd37000000 - 0x00007ffd37355000 	C:\WINDOWS\System32\combase.dll
0x00007ffd34750000 - 0x00007ffd3477c000 	C:\WINDOWS\SYSTEM32\Wldp.dll
0x00007ffd35800000 - 0x00007ffd358ae000 	C:\WINDOWS\System32\SHCORE.dll
0x00007ffd367c0000 - 0x00007ffd36815000 	C:\WINDOWS\System32\shlwapi.dll
0x00007ffd34c90000 - 0x00007ffd34caf000 	C:\WINDOWS\SYSTEM32\profapi.dll
0x00007ffd27390000 - 0x00007ffd273ab000 	C:\Program Files\OpenJDK\openjdk-8u275-b01\jre\bin\net.dll
0x00007ffd34460000 - 0x00007ffd344ca000 	C:\WINDOWS\system32\mswsock.dll
0x00007ffd27370000 - 0x00007ffd27382000 	C:\Program Files\OpenJDK\openjdk-8u275-b01\jre\bin\nio.dll
0x00007ffd21430000 - 0x00007ffd21456000 	C:\Users\91638\.gradle\native\fdc75f09e3144964f2cf3f50f0aa648679c211496f362492102eb8c894070792\windows-amd64\native-platform.dll
0x00007ffcf7480000 - 0x00007ffcf7611000 	C:\Users\91638\.gradle\native\12488b8bf47d2d4c9fbf2f6322a914ad602e24e48041cd04a747c6da556b65c4\windows-amd64\native-platform-file-events.dll
0x00007ffd27580000 - 0x00007ffd2758d000 	C:\Program Files\OpenJDK\openjdk-8u275-b01\jre\bin\management.dll
0x00007ffd34630000 - 0x00007ffd34648000 	C:\WINDOWS\SYSTEM32\CRYPTSP.dll
0x00007ffd33e00000 - 0x00007ffd33e34000 	C:\WINDOWS\system32\rsaenh.dll
0x00007ffd34e60000 - 0x00007ffd34e87000 	C:\WINDOWS\System32\bcrypt.dll
0x00007ffd34c50000 - 0x00007ffd34c7e000 	C:\WINDOWS\SYSTEM32\USERENV.dll
0x00007ffd352b0000 - 0x00007ffd35330000 	C:\WINDOWS\System32\bcryptprimitives.dll
0x00007ffd34650000 - 0x00007ffd3465c000 	C:\WINDOWS\SYSTEM32\CRYPTBASE.dll
0x00007ffd34150000 - 0x00007ffd3418b000 	C:\WINDOWS\SYSTEM32\IPHLPAPI.DLL
0x00007ffd36690000 - 0x00007ffd36698000 	C:\WINDOWS\System32\NSI.dll
0x00007ffd2b0f0000 - 0x00007ffd2b107000 	C:\WINDOWS\SYSTEM32\dhcpcsvc6.DLL
0x00007ffd2b660000 - 0x00007ffd2b67d000 	C:\WINDOWS\SYSTEM32\dhcpcsvc.DLL
0x00007ffd34190000 - 0x00007ffd3425c000 	C:\WINDOWS\SYSTEM32\DNSAPI.dll
0x00007ffd2ce10000 - 0x00007ffd2ce1b000 	C:\WINDOWS\SYSTEM32\WINNSI.DLL
0x00007ffd1f930000 - 0x00007ffd1f954000 	C:\Program Files\OpenJDK\openjdk-8u275-b01\jre\bin\sunec.dll
0x00007ffd2b0e0000 - 0x00007ffd2b0ea000 	C:\Windows\System32\rasadhlp.dll
0x00007ffd2a5e0000 - 0x00007ffd2a65f000 	C:\WINDOWS\System32\fwpuclnt.dll
0x00007ffd273f0000 - 0x00007ffd273fc000 	C:\Program Files\OpenJDK\openjdk-8u275-b01\jre\bin\sunmscapi.dll
0x00007ffd35360000 - 0x00007ffd354bf000 	C:\WINDOWS\System32\CRYPT32.dll
0x00007ffd347c0000 - 0x00007ffd347e7000 	C:\WINDOWS\SYSTEM32\ncrypt.dll
0x00007ffd34780000 - 0x00007ffd347bb000 	C:\WINDOWS\SYSTEM32\NTASN1.dll
0x00007ffd33a90000 - 0x00007ffd33ac3000 	C:\WINDOWS\SYSTEM32\ntmarta.dll

VM Arguments:
jvm_args: -XX:MaxMetaspaceSize=256m -XX:+HeapDumpOnOutOfMemoryError -Xms256m -Xmx512m -Dfile.encoding=windows-1252 -Duser.country=IN -Duser.language=en -Duser.variant 
java_command: org.gradle.launcher.daemon.bootstrap.GradleDaemon 6.7
java_class_path (initial): C:\Users\91638\.gradle\wrapper\dists\gradle-6.7-all\cuy9mc7upwgwgeb72wkcrupxe\gradle-6.7\lib\gradle-launcher-6.7.jar
Launcher Type: SUN_STANDARD

Environment Variables:
JAVA_HOME=C:\Program Files\OpenJDK\openjdk-8u275-b01
CLASSPATH=D:\Vicky\React Native projects\rnstarterwithsplashandnavigation\android\\gradle\wrapper\gradle-wrapper.jar
PATH=D:\Vicky\React Native projects\rnstarterwithsplashandnavigation\android\node_modules\.bin;D:\Vicky\React Native projects\rnstarterwithsplashandnavigation\node_modules\.bin;D:\Vicky\React Native projects\node_modules\.bin;D:\Vicky\node_modules\.bin;D:\node_modules\.bin;C:\Program Files\nodejs;D:\Vicky\React Native projects\rnstarterwithsplashandnavigation\node_modules\.bin;C:\Users\91638\bin;C:\Program Files\Git\mingw64\bin;C:\Program Files\Git\usr\local\bin;C:\Program Files\Git\usr\bin;C:\Program Files\Git\usr\bin;C:\Program Files\Git\mingw64\bin;C:\Program Files\Git\usr\bin;C:\Users\91638\bin;C:\Python27;C:\Python27\Scripts;C:\WINDOWS\system32;C:\WINDOWS;C:\WINDOWS\System32\Wbem;C:\WINDOWS\System32\WindowsPowerShell\v1.0;C:\WINDOWS\System32\OpenSSH;C:\Users\91638\AppData\Local\Programs\Python\Python39;C:\Users\91638\AppData\Local\Programs\Python\Python39\Scripts;C:\ProgramData\chocolatey\bin;C:\Users\91638\AppData\Local\Android\Sdk\platform-tools;C:\Program Files (x86)\Yarn\bin;C:\Program Files\OpenJDK\openjdk-8u275-b01\bin;C:\Program Files\Git\cmd;C:\Program Files\nodejs;C:\Users\91638\AppData\Local\Microsoft\WindowsApps;C:\Users\91638\AppData\Local\Programs\Microsoft VS Code\bin;C:\Users\91638\AppData\Local\Yarn\bin;C:\Users\91638\AppData\Roaming\npm;C:\Program Files\Git\usr\bin\vendor_perl;C:\Program Files\Git\usr\bin\core_perl
USERNAME=vicky
SHELL=C:\Program Files\Git\usr\bin\bash.exe
DISPLAY=needs-to-be-defined
OS=Windows_NT
PROCESSOR_IDENTIFIER=Intel64 Family 6 Model 142 Stepping 12, GenuineIntel



---------------  S Y S T E M  ---------------

OS: Windows 10.0 , 64 bit Build 19041 (10.0.19041.928)

CPU:total 8 (initial active 8) (4 cores per cpu, 2 threads per core) family 6 model 142 stepping 12, cmov, cx8, fxsr, mmx, sse, sse2, sse3, ssse3, sse4.1, sse4.2, popcnt, avx, avx2, aes, clmul, erms, 3dnowpref, lzcnt, ht, tsc, tscinvbit, bmi1, bmi2, adx

Memory: 4k page, physical 8215284k(286900k free), swap 27415280k(25864k free)

vm_info: OpenJDK 64-Bit Server VM (25.275-b01) for windows-amd64 JRE (1.8.0_275-b01), built on Nov  6 2020 13:43:37 by "build" with MS VC++ 10.0 (VS2010)

time: Thu Jun 24 18:28:55 2021
timezone: India Standard Time
elapsed time: 149.669122 seconds (0d 0h 2m 29s)

