#
# There is insufficient memory for the Java Runtime Environment to continue.
# Native memory allocation (malloc) failed to allocate 1100192 bytes for Chunk::new
# Possible reasons:
#   The system is out of physical RAM or swap space
#   The process is running with CompressedOops enabled, and the Java Heap may be blocking the growth of the native heap
# Possible solutions:
#   Reduce memory load on the system
#   Increase physical memory or swap space
#   Check if swap backing store is full
#   Decrease Java heap size (-Xmx/-Xms)
#   Decrease number of Java threads
#   Decrease Java thread stack sizes (-Xss)
#   Set larger code cache with -XX:ReservedCodeCacheSize=
#   JVM is running with Unscaled Compressed Oops mode in which the Java heap is
#     placed in the first 4GB address space. The Java Heap base address is the
#     maximum limit for the native heap growth. Please use -XX:HeapBaseMinAddress
#     to set the Java Heap base and to place the Java Heap above 4GB virtual address.
# This output file may be truncated or incomplete.
#
#  Out of Memory Error (allocation.cpp:389), pid=11308, tid=0x0000000000003a40
#
# JRE version: OpenJDK Runtime Environment (8.0_242-b01) (build 1.8.0_242-release-1644-b01)
# Java VM: OpenJDK 64-Bit Server VM (25.242-b01 mixed mode windows-amd64 compressed oops)
# Failed to write core dump. Minidumps are not enabled by default on client versions of Windows
#

---------------  T H R E A D  ---------------

Current thread (0x00000000165b2800):  JavaThread "C2 CompilerThread0" daemon [_thread_in_native, id=14912, stack(0x0000000016e80000,0x0000000016f80000)]

Stack: [0x0000000016e80000,0x0000000016f80000]
[error occurred during error reporting (printing stack bounds), id 0xc0000005]

Native frames: (J=compiled Java code, j=interpreted, Vv=VM code, C=native code)


Current CompileTask:
C2:1125066 35448       4       com.android.tools.r8.ir.optimize.a0::a (425 bytes)


---------------  P R O C E S S  ---------------

Java Threads: ( => current thread )
  0x000000001bead000 JavaThread "WorkerExecutor Queue" [_thread_blocked, id=7976, stack(0x0000000030600000,0x0000000030700000)]
  0x000000001beab800 JavaThread "Cache worker for execution history cache (D:\Vicky\React Native projects\rnstarterwithsplashandnavigation\android\.gradle\6.7\executionHistory)" [_thread_blocked, id=3472, stack(0x0000000030500000,0x0000000030600000)]
  0x000000001beaa800 JavaThread "Execution worker for ':' Thread 7" [_thread_blocked, id=9920, stack(0x0000000030400000,0x0000000030500000)]
  0x000000001bea9000 JavaThread "Execution worker for ':' Thread 6" [_thread_blocked, id=8884, stack(0x0000000030300000,0x0000000030400000)]
  0x000000001beaa000 JavaThread "Execution worker for ':' Thread 5" [_thread_blocked, id=24984, stack(0x0000000030200000,0x0000000030300000)]
  0x000000001bb8a000 JavaThread "Execution worker for ':' Thread 4" [_thread_in_Java, id=7252, stack(0x0000000030100000,0x0000000030200000)]
  0x000000001bb88000 JavaThread "Execution worker for ':' Thread 3" [_thread_blocked, id=21724, stack(0x0000000030000000,0x0000000030100000)]
  0x000000001bb87000 JavaThread "Execution worker for ':' Thread 2" [_thread_blocked, id=14960, stack(0x000000002ff00000,0x0000000030000000)]
  0x000000001bb86800 JavaThread "Execution worker for ':'" [_thread_blocked, id=21976, stack(0x000000002fe00000,0x000000002ff00000)]
  0x000000001bb88800 JavaThread "pool-15-thread-1" [_thread_blocked, id=17340, stack(0x000000002fd00000,0x000000002fe00000)]
  0x000000001bb85800 JavaThread "jar transforms Thread 460" [_thread_blocked, id=19616, stack(0x000000002f600000,0x000000002f700000)]
  0x000000001bb7e000 JavaThread "jar transforms Thread 459" [_thread_blocked, id=23420, stack(0x000000002efe0000,0x000000002f0e0000)]
  0x000000001bb83800 JavaThread "jar transforms Thread 458" [_thread_blocked, id=22128, stack(0x000000002eee0000,0x000000002efe0000)]
  0x000000001bb82800 JavaThread "jar transforms Thread 457" [_thread_blocked, id=15056, stack(0x000000002ede0000,0x000000002eee0000)]
  0x000000001bb84000 JavaThread "jar transforms Thread 456" [_thread_blocked, id=11108, stack(0x000000002eae0000,0x000000002ebe0000)]
  0x000000001bb7f800 JavaThread "jar transforms Thread 455" [_thread_blocked, id=8652, stack(0x000000002e9e0000,0x000000002eae0000)]
  0x000000001bb7b000 JavaThread "jar transforms Thread 454" [_thread_blocked, id=6304, stack(0x000000002e8e0000,0x000000002e9e0000)]
  0x000000001bb82000 JavaThread "jar transforms Thread 453" [_thread_blocked, id=15584, stack(0x000000002e7e0000,0x000000002e8e0000)]
  0x000000001bb7d800 JavaThread "jar transforms Thread 452" [_thread_blocked, id=25948, stack(0x000000002e6e0000,0x000000002e7e0000)]
  0x000000001bb80800 JavaThread "jar transforms Thread 451" [_thread_blocked, id=24936, stack(0x000000002e5e0000,0x000000002e6e0000)]
  0x000000001bb81000 JavaThread "jar transforms Thread 450" [_thread_blocked, id=15960, stack(0x000000002e2e0000,0x000000002e3e0000)]
  0x000000001bb7f000 JavaThread "jar transforms Thread 449" [_thread_blocked, id=20292, stack(0x000000002e1e0000,0x000000002e2e0000)]
  0x000000001bb7c000 JavaThread "jar transforms Thread 448" [_thread_blocked, id=16344, stack(0x000000002e0e0000,0x000000002e1e0000)]
  0x000000001bb7c800 JavaThread "jar transforms Thread 447" [_thread_blocked, id=22760, stack(0x000000002dfe0000,0x000000002e0e0000)]
  0x00000000176c0000 JavaThread "jar transforms Thread 446" [_thread_blocked, id=23728, stack(0x000000002dee0000,0x000000002dfe0000)]
  0x00000000176bd000 JavaThread "jar transforms Thread 445" [_thread_blocked, id=24084, stack(0x000000002dde0000,0x000000002dee0000)]
  0x00000000176bf000 JavaThread "jar transforms Thread 444" [_thread_blocked, id=7840, stack(0x000000002dce0000,0x000000002dde0000)]
  0x00000000176c2000 JavaThread "jar transforms Thread 443" [_thread_blocked, id=524, stack(0x000000002dbe0000,0x000000002dce0000)]
  0x00000000176be800 JavaThread "jar transforms Thread 442" [_thread_blocked, id=2944, stack(0x000000002dae0000,0x000000002dbe0000)]
  0x00000000176bd800 JavaThread "jar transforms Thread 441" [_thread_blocked, id=25064, stack(0x000000002d9e0000,0x000000002dae0000)]
  0x00000000176b5800 JavaThread "jar transforms Thread 440" [_thread_blocked, id=6756, stack(0x000000002d8e0000,0x000000002d9e0000)]
  0x00000000176b6000 JavaThread "jar transforms Thread 439" [_thread_blocked, id=25648, stack(0x000000002d7e0000,0x000000002d8e0000)]
  0x00000000176bc000 JavaThread "jar transforms Thread 438" [_thread_blocked, id=8976, stack(0x000000002d6e0000,0x000000002d7e0000)]
  0x00000000176b4800 JavaThread "jar transforms Thread 437" [_thread_blocked, id=14600, stack(0x000000002d5e0000,0x000000002d6e0000)]
  0x00000000176bb800 JavaThread "jar transforms Thread 436" [_thread_blocked, id=17124, stack(0x000000002d4e0000,0x000000002d5e0000)]
  0x00000000176ba800 JavaThread "jar transforms Thread 435" [_thread_blocked, id=24880, stack(0x000000002d3e0000,0x000000002d4e0000)]
  0x00000000176b8800 JavaThread "jar transforms Thread 434" [_thread_blocked, id=15572, stack(0x000000002d2e0000,0x000000002d3e0000)]
  0x00000000176b9000 JavaThread "jar transforms Thread 433" [_thread_blocked, id=2844, stack(0x000000002d1e0000,0x000000002d2e0000)]
  0x00000000176b4000 JavaThread "jar transforms Thread 432" [_thread_blocked, id=5184, stack(0x000000002d0e0000,0x000000002d1e0000)]
  0x00000000176ba000 JavaThread "jar transforms Thread 431" [_thread_blocked, id=27168, stack(0x000000002cfe0000,0x000000002d0e0000)]
  0x00000000176b7800 JavaThread "jar transforms Thread 430" [_thread_blocked, id=25336, stack(0x000000002cee0000,0x000000002cfe0000)]
  0x00000000176b7000 JavaThread "jar transforms Thread 429" [_thread_blocked, id=1520, stack(0x000000002cde0000,0x000000002cee0000)]
  0x00000000176b3000 JavaThread "jar transforms Thread 428" [_thread_blocked, id=15160, stack(0x000000002cce0000,0x000000002cde0000)]
  0x0000000017c38800 JavaThread "jar transforms Thread 427" [_thread_blocked, id=24568, stack(0x000000002cbe0000,0x000000002cce0000)]
  0x0000000017c3f800 JavaThread "jar transforms Thread 426" [_thread_blocked, id=5984, stack(0x000000002cae0000,0x000000002cbe0000)]
  0x0000000017c3c800 JavaThread "jar transforms Thread 425" [_thread_blocked, id=26264, stack(0x000000002c9e0000,0x000000002cae0000)]
  0x0000000017c3e000 JavaThread "jar transforms Thread 424" [_thread_blocked, id=27356, stack(0x000000002c8e0000,0x000000002c9e0000)]
  0x0000000017c38000 JavaThread "jar transforms Thread 423" [_thread_blocked, id=21056, stack(0x000000002c7e0000,0x000000002c8e0000)]
  0x0000000017c3b000 JavaThread "jar transforms Thread 422" [_thread_blocked, id=4016, stack(0x000000002c470000,0x000000002c570000)]
  0x0000000017c3a000 JavaThread "jar transforms Thread 421" [_thread_blocked, id=8772, stack(0x000000002c370000,0x000000002c470000)]
  0x0000000017c3d000 JavaThread "jar transforms Thread 420" [_thread_blocked, id=8428, stack(0x000000002c270000,0x000000002c370000)]
  0x0000000017c3b800 JavaThread "jar transforms Thread 419" [_thread_blocked, id=19244, stack(0x000000002c170000,0x000000002c270000)]
  0x0000000017c39800 JavaThread "jar transforms Thread 418" [_thread_blocked, id=21760, stack(0x000000002c070000,0x000000002c170000)]
  0x0000000017c3e800 JavaThread "jar transforms Thread 417" [_thread_blocked, id=12840, stack(0x000000002bf70000,0x000000002c070000)]
  0x0000000017c30800 JavaThread "jar transforms Thread 416" [_thread_blocked, id=7980, stack(0x000000002be70000,0x000000002bf70000)]
  0x0000000017c35000 JavaThread "jar transforms Thread 415" [_thread_blocked, id=3236, stack(0x000000002bd70000,0x000000002be70000)]
  0x0000000017c34000 JavaThread "jar transforms Thread 414" [_thread_blocked, id=13020, stack(0x000000002b9d0000,0x000000002bad0000)]
  0x0000000017c33800 JavaThread "jar transforms Thread 413" [_thread_blocked, id=18076, stack(0x000000002b8d0000,0x000000002b9d0000)]
  0x0000000017c32800 JavaThread "jar transforms Thread 412" [_thread_blocked, id=23868, stack(0x000000002a1e0000,0x000000002a2e0000)]
  0x0000000017c32000 JavaThread "jar transforms Thread 411" [_thread_blocked, id=26056, stack(0x00000000291e0000,0x00000000292e0000)]
  0x0000000017c31000 JavaThread "jar transforms Thread 410" [_thread_blocked, id=20448, stack(0x0000000028ee0000,0x0000000028fe0000)]
  0x0000000017c37000 JavaThread "jar transforms Thread 409" [_thread_blocked, id=8808, stack(0x0000000028de0000,0x0000000028ee0000)]
  0x00000000188a0800 JavaThread "jar transforms Thread 408" [_thread_blocked, id=27452, stack(0x0000000028ce0000,0x0000000028de0000)]
  0x00000000188a7000 JavaThread "jar transforms Thread 407" [_thread_blocked, id=20908, stack(0x0000000028be0000,0x0000000028ce0000)]
  0x00000000188a6800 JavaThread "jar transforms Thread 406" [_thread_blocked, id=7884, stack(0x0000000028ae0000,0x0000000028be0000)]
  0x00000000188a3800 JavaThread "jar transforms Thread 405" [_thread_blocked, id=19328, stack(0x0000000028880000,0x0000000028980000)]
  0x00000000188a2800 JavaThread "jar transforms Thread 404" [_thread_blocked, id=8220, stack(0x0000000028780000,0x0000000028880000)]
  0x00000000188a5800 JavaThread "jar transforms Thread 403" [_thread_blocked, id=5904, stack(0x0000000028680000,0x0000000028780000)]
  0x00000000188a4000 JavaThread "jar transforms Thread 402" [_thread_blocked, id=21936, stack(0x0000000028580000,0x0000000028680000)]
  0x00000000188a5000 JavaThread "jar transforms Thread 401" [_thread_blocked, id=7604, stack(0x0000000028480000,0x0000000028580000)]
  0x00000000188a2000 JavaThread "jar transforms Thread 400" [_thread_blocked, id=24604, stack(0x0000000028380000,0x0000000028480000)]
  0x000000001889f800 JavaThread "jar transforms Thread 399" [_thread_blocked, id=25280, stack(0x0000000028280000,0x0000000028380000)]
  0x0000000018898000 JavaThread "jar transforms Thread 398" [_thread_blocked, id=14360, stack(0x0000000028180000,0x0000000028280000)]
  0x000000001889e000 JavaThread "jar transforms Thread 397" [_thread_blocked, id=20032, stack(0x0000000028080000,0x0000000028180000)]
  0x000000001889f000 JavaThread "jar transforms Thread 396" [_thread_blocked, id=4032, stack(0x0000000027f80000,0x0000000028080000)]
  0x000000001889d800 JavaThread "jar transforms Thread 395" [_thread_blocked, id=26128, stack(0x0000000027e80000,0x0000000027f80000)]
  0x000000001889c800 JavaThread "jar transforms Thread 394" [_thread_blocked, id=3616, stack(0x0000000027d80000,0x0000000027e80000)]
  0x000000001889c000 JavaThread "jar transforms Thread 393" [_thread_blocked, id=26468, stack(0x0000000027c80000,0x0000000027d80000)]
  0x000000001889a800 JavaThread "jar transforms Thread 392" [_thread_blocked, id=11280, stack(0x0000000027b80000,0x0000000027c80000)]
  0x0000000018899800 JavaThread "jar transforms Thread 391" [_thread_blocked, id=8960, stack(0x0000000027a80000,0x0000000027b80000)]
  0x000000001889b000 JavaThread "jar transforms Thread 390" [_thread_blocked, id=22852, stack(0x0000000027980000,0x0000000027a80000)]
  0x0000000018899000 JavaThread "jar transforms Thread 389" [_thread_blocked, id=26812, stack(0x0000000027880000,0x0000000027980000)]
  0x0000000025c3f800 JavaThread "jar transforms Thread 388" [_thread_blocked, id=15232, stack(0x0000000027780000,0x0000000027880000)]
  0x0000000025c3e000 JavaThread "jar transforms Thread 387" [_thread_blocked, id=17016, stack(0x0000000027680000,0x0000000027780000)]
  0x0000000025c3d000 JavaThread "jar transforms Thread 386" [_thread_blocked, id=7216, stack(0x0000000027580000,0x0000000027680000)]
  0x0000000025c40000 JavaThread "jar transforms Thread 385" [_thread_blocked, id=14548, stack(0x0000000027480000,0x0000000027580000)]
  0x0000000025c3c800 JavaThread "jar transforms Thread 384" [_thread_blocked, id=7868, stack(0x0000000027380000,0x0000000027480000)]
  0x0000000025c3e800 JavaThread "jar transforms Thread 383" [_thread_blocked, id=12968, stack(0x0000000027280000,0x0000000027380000)]
  0x0000000025c35000 JavaThread "jar transforms Thread 382" [_thread_blocked, id=17772, stack(0x0000000027180000,0x0000000027280000)]
  0x0000000025c3b800 JavaThread "jar transforms Thread 381" [_thread_blocked, id=4684, stack(0x0000000027080000,0x0000000027180000)]
  0x0000000025c34000 JavaThread "jar transforms Thread 380" [_thread_blocked, id=27256, stack(0x0000000026f80000,0x0000000027080000)]
  0x0000000025c39800 JavaThread "jar transforms Thread 379" [_thread_blocked, id=12244, stack(0x0000000026e80000,0x0000000026f80000)]
  0x0000000025c3b000 JavaThread "jar transforms Thread 378" [_thread_blocked, id=21444, stack(0x0000000026d80000,0x0000000026e80000)]
  0x0000000025c3a000 JavaThread "jar transforms Thread 377" [_thread_blocked, id=17976, stack(0x0000000026c80000,0x0000000026d80000)]
  0x0000000025c32000 JavaThread "jar transforms Thread 376" [_thread_blocked, id=1440, stack(0x0000000026b80000,0x0000000026c80000)]
  0x0000000025c38800 JavaThread "jar transforms Thread 375" [_thread_blocked, id=23648, stack(0x0000000024ae0000,0x0000000024be0000)]
  0x0000000025c38000 JavaThread "jar transforms Thread 374" [_thread_blocked, id=5160, stack(0x00000000249e0000,0x0000000024ae0000)]
  0x0000000025c31000 JavaThread "jar transforms Thread 373" [_thread_blocked, id=4144, stack(0x00000000248e0000,0x00000000249e0000)]
  0x0000000025c30800 JavaThread "jar transforms Thread 372" [_thread_blocked, id=19336, stack(0x00000000247e0000,0x00000000248e0000)]
  0x0000000025c37000 JavaThread "jar transforms Thread 371" [_thread_blocked, id=27220, stack(0x00000000246e0000,0x00000000247e0000)]
  0x0000000025c36800 JavaThread "jar transforms Thread 370" [_thread_blocked, id=26188, stack(0x0000000023140000,0x0000000023240000)]
  0x0000000025c35800 JavaThread "jar transforms Thread 369" [_thread_blocked, id=26392, stack(0x0000000021c10000,0x0000000021d10000)]
  0x0000000025c2d800 JavaThread "Build operations Thread 8" [_thread_in_Java, id=7808, stack(0x0000000020b10000,0x0000000020c10000)]
  0x0000000025c2f800 JavaThread "Build operations Thread 7" [_thread_in_Java, id=25368, stack(0x0000000020a10000,0x0000000020b10000)]
  0x0000000025c2f000 JavaThread "Build operations Thread 6" [_thread_blocked, id=24188, stack(0x00000000206b0000,0x00000000207b0000)]
  0x0000000025c2c800 JavaThread "Build operations Thread 5" [_thread_blocked, id=14916, stack(0x00000000205b0000,0x00000000206b0000)]
  0x0000000025c2e000 JavaThread "Build operations Thread 4" [_thread_in_Java, id=7436, stack(0x00000000204b0000,0x00000000205b0000)]
  0x0000000025c33800 JavaThread "Build operations Thread 3" [_thread_in_Java, id=22684, stack(0x00000000203b0000,0x00000000204b0000)]
  0x0000000025c32800 JavaThread "Build operations Thread 2" [_thread_in_Java, id=18720, stack(0x00000000202b0000,0x00000000203b0000)]
  0x0000000025c25000 JavaThread "Build operations" [_thread_in_Java, id=10996, stack(0x00000000201b0000,0x00000000202b0000)]
  0x0000000025c2c000 JavaThread "Cache worker for Build Output Cleanup Cache (D:\Vicky\React Native projects\rnstarterwithsplashandnavigation\android\.gradle\buildOutputCleanup)" [_thread_blocked, id=6280, stack(0x00000000200b0000,0x00000000201b0000)]
  0x0000000025c2b000 JavaThread "Cache worker for cache directory md-rule (C:\Users\91638\.gradle\caches\6.7\md-rule)" [_thread_blocked, id=7316, stack(0x000000001ffb0000,0x00000000200b0000)]
  0x0000000025c2a800 JavaThread "Cache worker for cache directory md-supplier (C:\Users\91638\.gradle\caches\6.7\md-supplier)" [_thread_blocked, id=14076, stack(0x000000001feb0000,0x000000001ffb0000)]
  0x0000000025c23000 JavaThread "Cache worker for checksums cache (D:\Vicky\React Native projects\rnstarterwithsplashandnavigation\android\.gradle\checksums)" [_thread_blocked, id=2920, stack(0x000000001fdb0000,0x000000001feb0000)]
  0x0000000025c23800 JavaThread "Cache worker for file hash cache (D:\Vicky\React Native projects\rnstarterwithsplashandnavigation\android\.gradle\6.7\fileHashes)" [_thread_blocked, id=21620, stack(0x000000001fcb0000,0x000000001fdb0000)]
  0x0000000025c29800 JavaThread "Thread-526" [_thread_blocked, id=13484, stack(0x000000001fbb0000,0x000000001fcb0000)]
  0x0000000025c24800 JavaThread "Stdin handler" [_thread_blocked, id=20144, stack(0x000000001db00000,0x000000001dc00000)]
  0x0000000025c22000 JavaThread "Asynchronous log dispatcher for DefaultDaemonConnection: socket connection from /127.0.0.1:50565 to /127.0.0.1:50668" [_thread_blocked, id=7112, stack(0x000000001c770000,0x000000001c870000)]
  0x0000000025c28000 JavaThread "Daemon worker Thread 4" [_thread_blocked, id=19152, stack(0x000000001afa0000,0x000000001b0a0000)]
  0x0000000025c26000 JavaThread "Cancel handler" [_thread_blocked, id=9052, stack(0x000000001aca0000,0x000000001ada0000)]
  0x0000000025c27800 JavaThread "Handler for socket connection from /127.0.0.1:50565 to /127.0.0.1:50668" [_thread_in_native, id=19088, stack(0x000000001aba0000,0x000000001aca0000)]
  0x0000000025c26800 JavaThread "Daemon Thread 4" [_thread_blocked, id=14836, stack(0x0000000001380000,0x0000000001480000)]
  0x000000001c25f800 JavaThread "Cache worker for Java compile cache (C:\Users\91638\.gradle\caches\6.7\javaCompile)" [_thread_blocked, id=276, stack(0x000000002f500000,0x000000002f600000)]
  0x0000000017c36800 JavaThread "Memory manager" [_thread_blocked, id=24820, stack(0x00000000296e0000,0x00000000297e0000)]
  0x000000001d19e800 JavaThread "Cache worker for file content cache (C:\Users\91638\.gradle\caches\6.7\fileContent)" [_thread_blocked, id=13872, stack(0x0000000021710000,0x0000000021810000)]
  0x000000001d19f800 JavaThread "Cache worker for execution history cache (C:\Users\91638\.gradle\caches\6.7\executionHistory)" [_thread_blocked, id=16136, stack(0x0000000020e10000,0x0000000020f10000)]
  0x00000000165c5000 JavaThread "Cache worker for journal cache (C:\Users\91638\.gradle\caches\journal-1)" [_thread_blocked, id=21140, stack(0x000000001b4a0000,0x000000001b5a0000)]
  0x00000000165c1000 JavaThread "File lock request listener" [_thread_in_native, id=26864, stack(0x000000001b3a0000,0x000000001b4a0000)]
  0x0000000019108800 JavaThread "Cache worker for file hash cache (C:\Users\91638\.gradle\caches\6.7\fileHashes)" [_thread_blocked, id=13368, stack(0x000000001b2a0000,0x000000001b3a0000)]
  0x0000000018ff6800 JavaThread "Daemon periodic checks" [_thread_blocked, id=25936, stack(0x000000001a6a0000,0x000000001a7a0000)]
  0x0000000018fad800 JavaThread "Incoming local TCP Connector on port 50565" [_thread_in_native, id=20932, stack(0x000000001a460000,0x000000001a560000)]
  0x0000000018f2a800 JavaThread "Daemon health stats" [_thread_blocked, id=11000, stack(0x0000000019c20000,0x0000000019d20000)]
  0x000000001663f000 JavaThread "Service Thread" daemon [_thread_blocked, id=13276, stack(0x0000000017280000,0x0000000017380000)]
  0x00000000165c2000 JavaThread "C1 CompilerThread3" daemon [_thread_blocked, id=17344, stack(0x0000000017180000,0x0000000017280000)]
  0x00000000165b9000 JavaThread "C2 CompilerThread2" daemon [_thread_in_native, id=25156, stack(0x0000000017080000,0x0000000017180000)]
  0x00000000147cb000 JavaThread "C2 CompilerThread1" daemon [_thread_in_native, id=10216, stack(0x0000000016f80000,0x0000000017080000)]
=>0x00000000165b2800 JavaThread "C2 CompilerThread0" daemon [_thread_in_native, id=14912, stack(0x0000000016e80000,0x0000000016f80000)]
  0x00000000165b1000 JavaThread "Attach Listener" daemon [_thread_blocked, id=26828, stack(0x0000000016d80000,0x0000000016e80000)]
  0x00000000165b0800 JavaThread "Signal Dispatcher" daemon [_thread_blocked, id=23340, stack(0x0000000016c80000,0x0000000016d80000)]
  0x0000000002f4e000 JavaThread "Finalizer" daemon [_thread_blocked, id=17516, stack(0x0000000016a80000,0x0000000016b80000)]
  0x0000000002f47000 JavaThread "Reference Handler" daemon [_thread_blocked, id=20212, stack(0x0000000016980000,0x0000000016a80000)]
  0x0000000000fae000 JavaThread "main" [_thread_blocked, id=25828, stack(0x0000000002d20000,0x0000000002e20000)]

Other Threads:
  0x00000000147b6000 VMThread [stack: 0x0000000016480000,0x0000000016580000] [id=23128]
  0x0000000016640000 WatcherThread [stack: 0x0000000017380000,0x0000000017480000] [id=22136]

VM state:not at safepoint (normal execution)

VM Mutex/Monitor currently owned by a thread: None

heap address: 0x00000000e0000000, size: 512 MB, Compressed Oops mode: 32-bit
Narrow klass base: 0x0000000000000000, Narrow klass shift: 3
Compressed class space size: 1073741824 Address: 0x0000000100000000

Heap:
 PSYoungGen      total 155136K, used 45585K [0x00000000f5580000, 0x00000000ffe00000, 0x0000000100000000)
  eden space 137728K, 31% used [0x00000000f5580000,0x00000000f8064578,0x00000000fdc00000)
  from space 17408K, 9% used [0x00000000fec80000,0x00000000fee20000,0x00000000ffd80000)
  to   space 16896K, 0% used [0x00000000fdc00000,0x00000000fdc00000,0x00000000fec80000)
 ParOldGen       total 349696K, used 227074K [0x00000000e0000000, 0x00000000f5580000, 0x00000000f5580000)
  object space 349696K, 64% used [0x00000000e0000000,0x00000000eddc0bf0,0x00000000f5580000)
 Metaspace       used 125866K, capacity 134858K, committed 135936K, reserved 1167360K
  class space    used 15955K, capacity 17666K, committed 17920K, reserved 1048576K

Card table byte_map: [0x0000000012310000,0x0000000012420000] byte_map_base: 0x0000000011c10000

Marking Bits: (ParMarkBitMap*) 0x000000005427f030
 Begin Bits: [0x0000000012cd0000, 0x00000000134d0000)
 End Bits:   [0x00000000134d0000, 0x0000000013cd0000)

Polling page: 0x0000000000f90000

CodeCache: size=245760Kb used=98371Kb max_used=99143Kb free=147388Kb
 bounds [0x0000000002f50000, 0x00000000090c0000, 0x0000000011f50000]
 total_blobs=27693 nmethods=26718 adapters=885
 compilation: enabled

Compilation events (10 events):
Event: 1124.935 Thread 0x00000000165c2000 nmethod 35617 0x00000000051a6250 code [0x00000000051a63a0, 0x00000000051a64f0]
Event: 1124.949 Thread 0x00000000165c2000 35618       2       com.android.tools.r8.code.S0::<init> (44 bytes)
Event: 1124.950 Thread 0x00000000165c2000 nmethod 35618 0x0000000005102ad0 code [0x0000000005102c20, 0x0000000005102d70]
Event: 1124.972 Thread 0x00000000165c2000 35619       2       com.android.tools.r8.s.b.H::b (48 bytes)
Event: 1124.972 Thread 0x00000000165c2000 nmethod 35619 0x00000000069890d0 code [0x0000000006989260, 0x00000000069894b8]
Event: 1124.973 Thread 0x00000000165c2000 35620       2       com.android.tools.r8.ir.conversion.A::a (5 bytes)
Event: 1124.973 Thread 0x00000000165c2000 nmethod 35620 0x00000000049830d0 code [0x0000000004983220, 0x00000000049833b0]
Event: 1125.051 Thread 0x00000000165c2000 35624       2       com.android.tools.r8.s.b.o::i (51 bytes)
Event: 1125.052 Thread 0x00000000165c2000 nmethod 35624 0x0000000003d24ad0 code [0x0000000003d24c80, 0x0000000003d24f48]
Event: 1125.062 Thread 0x00000000165c2000 35625       2       org.gradle.api.internal.artifacts.transform.DefaultTransformerInvocationFactory$TransformerExecution::visitOutputProperties (41 bytes)

GC Heap History (10 events):
Event: 1124.394 GC heap before
{Heap before GC invocations=146 (full 6):
 PSYoungGen      total 147968K, used 128083K [0x00000000f5580000, 0x00000000ffd80000, 0x0000000100000000)
  eden space 125440K, 100% used [0x00000000f5580000,0x00000000fd000000,0x00000000fd000000)
  from space 22528K, 11% used [0x00000000fd000000,0x00000000fd294d10,0x00000000fe600000)
  to   space 21504K, 0% used [0x00000000fe880000,0x00000000fe880000,0x00000000ffd80000)
 ParOldGen       total 349696K, used 219425K [0x00000000e0000000, 0x00000000f5580000, 0x00000000f5580000)
  object space 349696K, 62% used [0x00000000e0000000,0x00000000ed6487d0,0x00000000f5580000)
 Metaspace       used 125851K, capacity 134858K, committed 135936K, reserved 1167360K
  class space    used 15955K, capacity 17666K, committed 17920K, reserved 1048576K
Event: 1124.405 GC heap after
Heap after GC invocations=146 (full 6):
 PSYoungGen      total 151040K, used 1632K [0x00000000f5580000, 0x00000000ffd00000, 0x0000000100000000)
  eden space 130048K, 0% used [0x00000000f5580000,0x00000000f5580000,0x00000000fd480000)
  from space 20992K, 7% used [0x00000000fe880000,0x00000000fea18000,0x00000000ffd00000)
  to   space 20480K, 0% used [0x00000000fd480000,0x00000000fd480000,0x00000000fe880000)
 ParOldGen       total 349696K, used 221467K [0x00000000e0000000, 0x00000000f5580000, 0x00000000f5580000)
  object space 349696K, 63% used [0x00000000e0000000,0x00000000ed846de0,0x00000000f5580000)
 Metaspace       used 125851K, capacity 134858K, committed 135936K, reserved 1167360K
  class space    used 15955K, capacity 17666K, committed 17920K, reserved 1048576K
}
Event: 1124.568 GC heap before
{Heap before GC invocations=147 (full 6):
 PSYoungGen      total 151040K, used 131680K [0x00000000f5580000, 0x00000000ffd00000, 0x0000000100000000)
  eden space 130048K, 100% used [0x00000000f5580000,0x00000000fd480000,0x00000000fd480000)
  from space 20992K, 7% used [0x00000000fe880000,0x00000000fea18000,0x00000000ffd00000)
  to   space 20480K, 0% used [0x00000000fd480000,0x00000000fd480000,0x00000000fe880000)
 ParOldGen       total 349696K, used 221467K [0x00000000e0000000, 0x00000000f5580000, 0x00000000f5580000)
  object space 349696K, 63% used [0x00000000e0000000,0x00000000ed846de0,0x00000000f5580000)
 Metaspace       used 125853K, capacity 134858K, committed 135936K, reserved 1167360K
  class space    used 15955K, capacity 17666K, committed 17920K, reserved 1048576K
Event: 1124.576 GC heap after
Heap after GC invocations=147 (full 6):
 PSYoungGen      total 150528K, used 2080K [0x00000000f5580000, 0x00000000ffd80000, 0x0000000100000000)
  eden space 130048K, 0% used [0x00000000f5580000,0x00000000f5580000,0x00000000fd480000)
  from space 20480K, 10% used [0x00000000fd480000,0x00000000fd688000,0x00000000fe880000)
  to   space 19456K, 0% used [0x00000000fea80000,0x00000000fea80000,0x00000000ffd80000)
 ParOldGen       total 349696K, used 222715K [0x00000000e0000000, 0x00000000f5580000, 0x00000000f5580000)
  object space 349696K, 63% used [0x00000000e0000000,0x00000000ed97edf0,0x00000000f5580000)
 Metaspace       used 125853K, capacity 134858K, committed 135936K, reserved 1167360K
  class space    used 15955K, capacity 17666K, committed 17920K, reserved 1048576K
}
Event: 1124.713 GC heap before
{Heap before GC invocations=148 (full 6):
 PSYoungGen      total 150528K, used 132128K [0x00000000f5580000, 0x00000000ffd80000, 0x0000000100000000)
  eden space 130048K, 100% used [0x00000000f5580000,0x00000000fd480000,0x00000000fd480000)
  from space 20480K, 10% used [0x00000000fd480000,0x00000000fd688000,0x00000000fe880000)
  to   space 19456K, 0% used [0x00000000fea80000,0x00000000fea80000,0x00000000ffd80000)
 ParOldGen       total 349696K, used 222715K [0x00000000e0000000, 0x00000000f5580000, 0x00000000f5580000)
  object space 349696K, 63% used [0x00000000e0000000,0x00000000ed97edf0,0x00000000f5580000)
 Metaspace       used 125854K, capacity 134858K, committed 135936K, reserved 1167360K
  class space    used 15955K, capacity 17666K, committed 17920K, reserved 1048576K
Event: 1124.725 GC heap after
Heap after GC invocations=148 (full 6):
 PSYoungGen      total 153088K, used 2334K [0x00000000f5580000, 0x00000000ffd00000, 0x0000000100000000)
  eden space 134144K, 0% used [0x00000000f5580000,0x00000000f5580000,0x00000000fd880000)
  from space 18944K, 12% used [0x00000000fea80000,0x00000000fecc7bf8,0x00000000ffd00000)
  to   space 18432K, 0% used [0x00000000fd880000,0x00000000fd880000,0x00000000fea80000)
 ParOldGen       total 349696K, used 224019K [0x00000000e0000000, 0x00000000f5580000, 0x00000000f5580000)
  object space 349696K, 64% used [0x00000000e0000000,0x00000000edac4df0,0x00000000f5580000)
 Metaspace       used 125854K, capacity 134858K, committed 135936K, reserved 1167360K
  class space    used 15955K, capacity 17666K, committed 17920K, reserved 1048576K
}
Event: 1124.854 GC heap before
{Heap before GC invocations=149 (full 6):
 PSYoungGen      total 153088K, used 136478K [0x00000000f5580000, 0x00000000ffd00000, 0x0000000100000000)
  eden space 134144K, 100% used [0x00000000f5580000,0x00000000fd880000,0x00000000fd880000)
  from space 18944K, 12% used [0x00000000fea80000,0x00000000fecc7bf8,0x00000000ffd00000)
  to   space 18432K, 0% used [0x00000000fd880000,0x00000000fd880000,0x00000000fea80000)
 ParOldGen       total 349696K, used 224019K [0x00000000e0000000, 0x00000000f5580000, 0x00000000f5580000)
  object space 349696K, 64% used [0x00000000e0000000,0x00000000edac4df0,0x00000000f5580000)
 Metaspace       used 125862K, capacity 134858K, committed 135936K, reserved 1167360K
  class space    used 15955K, capacity 17666K, committed 17920K, reserved 1048576K
Event: 1124.864 GC heap after
Heap after GC invocations=149 (full 6):
 PSYoungGen      total 152576K, used 2432K [0x00000000f5580000, 0x00000000ffd80000, 0x0000000100000000)
  eden space 134144K, 0% used [0x00000000f5580000,0x00000000f5580000,0x00000000fd880000)
  from space 18432K, 13% used [0x00000000fd880000,0x00000000fdae0000,0x00000000fea80000)
  to   space 17408K, 0% used [0x00000000fec80000,0x00000000fec80000,0x00000000ffd80000)
 ParOldGen       total 349696K, used 225638K [0x00000000e0000000, 0x00000000f5580000, 0x00000000f5580000)
  object space 349696K, 64% used [0x00000000e0000000,0x00000000edc59bd0,0x00000000f5580000)
 Metaspace       used 125862K, capacity 134858K, committed 135936K, reserved 1167360K
  class space    used 15955K, capacity 17666K, committed 17920K, reserved 1048576K
}
Event: 1125.013 GC heap before
{Heap before GC invocations=150 (full 6):
 PSYoungGen      total 152576K, used 136576K [0x00000000f5580000, 0x00000000ffd80000, 0x0000000100000000)
  eden space 134144K, 100% used [0x00000000f5580000,0x00000000fd880000,0x00000000fd880000)
  from space 18432K, 13% used [0x00000000fd880000,0x00000000fdae0000,0x00000000fea80000)
  to   space 17408K, 0% used [0x00000000fec80000,0x00000000fec80000,0x00000000ffd80000)
 ParOldGen       total 349696K, used 225638K [0x00000000e0000000, 0x00000000f5580000, 0x00000000f5580000)
  object space 349696K, 64% used [0x00000000e0000000,0x00000000edc59bd0,0x00000000f5580000)
 Metaspace       used 125865K, capacity 134858K, committed 135936K, reserved 1167360K
  class space    used 15955K, capacity 17666K, committed 17920K, reserved 1048576K
Event: 1125.024 GC heap after
Heap after GC invocations=150 (full 6):
 PSYoungGen      total 155136K, used 1664K [0x00000000f5580000, 0x00000000ffe00000, 0x0000000100000000)
  eden space 137728K, 0% used [0x00000000f5580000,0x00000000f5580000,0x00000000fdc00000)
  from space 17408K, 9% used [0x00000000fec80000,0x00000000fee20000,0x00000000ffd80000)
  to   space 16896K, 0% used [0x00000000fdc00000,0x00000000fdc00000,0x00000000fec80000)
 ParOldGen       total 349696K, used 227074K [0x00000000e0000000, 0x00000000f5580000, 0x00000000f5580000)
  object space 349696K, 64% used [0x00000000e0000000,0x00000000eddc0bf0,0x00000000f5580000)
 Metaspace       used 125865K, capacity 134858K, committed 135936K, reserved 1167360K
  class space    used 15955K, capacity 17666K, committed 17920K, reserved 1048576K
}

Deoptimization events (10 events):
Event: 1122.511 Thread 0x0000000025c32800 Uncommon trap: reason=bimorphic action=maybe_recompile pc=0x0000000006c7a6f4 method=com.android.tools.r8.ir.regalloc.a.i()V @ 387
Event: 1122.522 Thread 0x0000000025c32800 Uncommon trap: reason=bimorphic action=maybe_recompile pc=0x0000000008c06e94 method=com.android.tools.r8.ir.regalloc.a.i()V @ 418
Event: 1122.958 Thread 0x0000000025c2e000 Uncommon trap: reason=class_check action=maybe_recompile pc=0x0000000008c7d7c4 method=com.android.tools.r8.ir.optimize.a0.a(Lcom/android/tools/r8/s/b/o;Lcom/android/tools/r8/ir/regalloc/e;Ljava/util/Set;Lcom/android/tools/r8/ir/optimize/E;)V @ 219
Event: 1123.033 Thread 0x0000000025c2d800 Uncommon trap: reason=unstable_if action=reinterpret pc=0x00000000061358c4 method=com.android.tools.r8.t.a.a.a.f.X$e.contains(Ljava/lang/Object;)Z @ 176
Event: 1123.401 Thread 0x0000000025c32800 Uncommon trap: reason=unstable_if action=reinterpret pc=0x00000000062acb2c method=java.util.TimSort.countRunAndMakeAscending([Ljava/lang/Object;IILjava/util/Comparator;)I @ 27
Event: 1123.511 Thread 0x000000001bb8a000 Uncommon trap: reason=bimorphic action=maybe_recompile pc=0x0000000008c7c82c method=com.android.tools.r8.ir.optimize.a0.a(Lcom/android/tools/r8/s/b/o;Lcom/android/tools/r8/ir/regalloc/e;Ljava/util/Set;Lcom/android/tools/r8/ir/optimize/E;)V @ 367
Event: 1123.656 Thread 0x000000001bb8a000 Uncommon trap: reason=unstable_if action=reinterpret pc=0x0000000008c4df6c method=com.android.tools.r8.s.a.p.t.a(Lcom/android/tools/r8/s/b/q1;Lcom/android/tools/r8/s/a/p/u;)V @ 84
Event: 1123.961 Thread 0x0000000025c32800 Uncommon trap: reason=unstable_if action=reinterpret pc=0x0000000008372a0c method=com.android.tools.r8.ir.conversion.o.a(Lcom/android/tools/r8/ir/conversion/N;IIZ)V @ 245
Event: 1124.183 Thread 0x000000001bb8a000 Uncommon trap: reason=unstable_if action=reinterpret pc=0x00000000085a3498 method=com.android.tools.r8.t.a.a.a.f.X.putAll(Ljava/util/Map;)V @ 85
Event: 1124.531 Thread 0x0000000025c25000 Uncommon trap: reason=bimorphic action=maybe_recompile pc=0x0000000008c7c82c method=com.android.tools.r8.ir.optimize.a0.a(Lcom/android/tools/r8/s/b/o;Lcom/android/tools/r8/ir/regalloc/e;Ljava/util/Set;Lcom/android/tools/r8/ir/optimize/E;)V @ 367

Classes redefined (0 events):
No events

Internal exceptions (10 events):
Event: 1123.932 Thread 0x0000000025c32800 Exception <a 'sun/nio/fs/WindowsException'> (0x00000000fac08ec0) thrown at [C:\src\AOSP-openjdk-git\hotspot\src\share\vm\prims\jni.cpp, line 710]
Event: 1124.005 Thread 0x0000000025c32800 Exception <a 'sun/nio/fs/WindowsException'> (0x00000000fc5db388) thrown at [C:\src\AOSP-openjdk-git\hotspot\src\share\vm\prims\jni.cpp, line 710]
Event: 1124.153 Thread 0x0000000025c32800 Exception <a 'sun/nio/fs/WindowsException'> (0x00000000f8760620) thrown at [C:\src\AOSP-openjdk-git\hotspot\src\share\vm\prims\jni.cpp, line 710]
Event: 1124.693 Thread 0x0000000025c32800 Exception <a 'sun/nio/fs/WindowsException'> (0x00000000fc4d1a80) thrown at [C:\src\AOSP-openjdk-git\hotspot\src\share\vm\prims\jni.cpp, line 710]
Event: 1124.709 Thread 0x0000000025c32800 Exception <a 'sun/nio/fs/WindowsException'> (0x00000000fd3bd810) thrown at [C:\src\AOSP-openjdk-git\hotspot\src\share\vm\prims\jni.cpp, line 710]
Event: 1124.913 Thread 0x0000000025c2d800 Exception <a 'sun/nio/fs/WindowsException'> (0x00000000f820bbd0) thrown at [C:\src\AOSP-openjdk-git\hotspot\src\share\vm\prims\jni.cpp, line 710]
Event: 1124.960 Thread 0x0000000025c2d800 Exception <a 'sun/nio/fs/WindowsException'> (0x00000000f8256c70) thrown at [C:\src\AOSP-openjdk-git\hotspot\src\share\vm\prims\jni.cpp, line 710]
Event: 1124.980 Thread 0x0000000025c2d800 Exception <a 'sun/nio/fs/WindowsException'> (0x00000000fc311380) thrown at [C:\src\AOSP-openjdk-git\hotspot\src\share\vm\prims\jni.cpp, line 710]
Event: 1125.055 Thread 0x0000000025c32800 Exception <a 'sun/nio/fs/WindowsException'> (0x00000000f71057e8) thrown at [C:\src\AOSP-openjdk-git\hotspot\src\share\vm\prims\jni.cpp, line 710]
Event: 1125.061 Thread 0x0000000025c2d800 Exception <a 'sun/nio/fs/WindowsException'> (0x00000000f79a94c0) thrown at [C:\src\AOSP-openjdk-git\hotspot\src\share\vm\prims\jni.cpp, line 710]

Events (10 events):
Event: 1125.044 Thread 0x000000001bb8a000 DEOPT PACKING pc=0x0000000008f1fd4b sp=0x00000000301f6c60
Event: 1125.044 Thread 0x000000001bb8a000 DEOPT UNPACKING pc=0x0000000002f975d0 sp=0x00000000301f6ca8 mode 0
Event: 1125.044 Thread 0x0000000025c2e000 DEOPT PACKING pc=0x0000000006b5795e sp=0x00000000205aa120
Event: 1125.045 Thread 0x0000000025c2e000 DEOPT UNPACKING pc=0x0000000002f975d0 sp=0x00000000205a9f70 mode 0
Event: 1125.049 Thread 0x0000000025c2f800 DEOPT PACKING pc=0x0000000007f6905d sp=0x0000000020b0a340
Event: 1125.049 Thread 0x0000000025c2f800 DEOPT UNPACKING pc=0x0000000002f975d0 sp=0x0000000020b0a1b0 mode 0
Event: 1125.053 Thread 0x0000000025c2e000 DEOPT PACKING pc=0x0000000006b5795e sp=0x00000000205aa120
Event: 1125.053 Thread 0x0000000025c2e000 DEOPT UNPACKING pc=0x0000000002f975d0 sp=0x00000000205a9f70 mode 0
Event: 1125.053 Thread 0x000000001bb8a000 DEOPT PACKING pc=0x0000000008f1fd4b sp=0x00000000301f6c90
Event: 1125.053 Thread 0x000000001bb8a000 DEOPT UNPACKING pc=0x0000000002f975d0 sp=0x00000000301f6cd8 mode 0


Dynamic libraries:
0x00007ff7724c0000 - 0x00007ff7724f1000 	C:\Program Files\Android\Android Studio\jre\bin\java.exe
0x00007ffd37610000 - 0x00007ffd37805000 	C:\WINDOWS\SYSTEM32\ntdll.dll
0x00007ffd36ad0000 - 0x00007ffd36b8d000 	C:\WINDOWS\System32\KERNEL32.DLL
0x00007ffd34fe0000 - 0x00007ffd352a8000 	C:\WINDOWS\System32\KERNELBASE.dll
0x00007ffd364e0000 - 0x00007ffd3658c000 	C:\WINDOWS\System32\ADVAPI32.dll
0x00007ffd36270000 - 0x00007ffd3630e000 	C:\WINDOWS\System32\msvcrt.dll
0x00007ffd36a30000 - 0x00007ffd36acb000 	C:\WINDOWS\System32\sechost.dll
0x00007ffd37430000 - 0x00007ffd3755b000 	C:\WINDOWS\System32\RPCRT4.dll
0x00007ffd36310000 - 0x00007ffd364b0000 	C:\WINDOWS\System32\USER32.dll
0x00007ffd35330000 - 0x00007ffd35352000 	C:\WINDOWS\System32\win32u.dll
0x00007ffd364b0000 - 0x00007ffd364da000 	C:\WINDOWS\System32\GDI32.dll
0x00007ffd34d50000 - 0x00007ffd34e5b000 	C:\WINDOWS\System32\gdi32full.dll
0x00007ffd355d0000 - 0x00007ffd3566d000 	C:\WINDOWS\System32\msvcp_win.dll
0x00007ffd34e90000 - 0x00007ffd34f90000 	C:\WINDOWS\System32\ucrtbase.dll
0x00007ffd1de30000 - 0x00007ffd1e0ca000 	C:\WINDOWS\WinSxS\amd64_microsoft.windows.common-controls_6595b64144ccf1df_6.0.19041.844_none_ca00b6081b84eb1d\COMCTL32.dll
0x00007ffd35680000 - 0x00007ffd356b0000 	C:\WINDOWS\System32\IMM32.DLL
0x00000000538f0000 - 0x00000000539c2000 	C:\Program Files\Android\Android Studio\jre\jre\bin\msvcr100.dll
0x0000000053ab0000 - 0x00000000542fb000 	C:\Program Files\Android\Android Studio\jre\jre\bin\server\jvm.dll
0x00007ffd36590000 - 0x00007ffd36598000 	C:\WINDOWS\System32\PSAPI.DLL
0x00007ffd2bd60000 - 0x00007ffd2bd69000 	C:\WINDOWS\SYSTEM32\WSOCK32.dll
0x00007ffd27500000 - 0x00007ffd27527000 	C:\WINDOWS\SYSTEM32\WINMM.dll
0x00007ffd2bee0000 - 0x00007ffd2beea000 	C:\WINDOWS\SYSTEM32\VERSION.dll
0x00007ffd37560000 - 0x00007ffd375cb000 	C:\WINDOWS\System32\WS2_32.dll
0x00007ffd2bd70000 - 0x00007ffd2bd7f000 	C:\Program Files\Android\Android Studio\jre\jre\bin\verify.dll
0x00007ffd21430000 - 0x00007ffd21459000 	C:\Program Files\Android\Android Studio\jre\jre\bin\java.dll
0x00007ffd272f0000 - 0x00007ffd27306000 	C:\Program Files\Android\Android Studio\jre\jre\bin\zip.dll
0x00007ffd35930000 - 0x00007ffd36072000 	C:\WINDOWS\System32\SHELL32.dll
0x00007ffd32ea0000 - 0x00007ffd33630000 	C:\WINDOWS\SYSTEM32\windows.storage.dll
0x00007ffd37000000 - 0x00007ffd37355000 	C:\WINDOWS\System32\combase.dll
0x00007ffd34750000 - 0x00007ffd3477c000 	C:\WINDOWS\SYSTEM32\Wldp.dll
0x00007ffd35800000 - 0x00007ffd358ae000 	C:\WINDOWS\System32\SHCORE.dll
0x00007ffd367c0000 - 0x00007ffd36815000 	C:\WINDOWS\System32\shlwapi.dll
0x00007ffd34c90000 - 0x00007ffd34caf000 	C:\WINDOWS\SYSTEM32\profapi.dll
0x00007ffd20070000 - 0x00007ffd2008a000 	C:\Program Files\Android\Android Studio\jre\jre\bin\net.dll
0x00007ffd34460000 - 0x00007ffd344ca000 	C:\WINDOWS\system32\mswsock.dll
0x00007ffd1ef90000 - 0x00007ffd1efa3000 	C:\Program Files\Android\Android Studio\jre\jre\bin\nio.dll
0x00007ffd27d20000 - 0x00007ffd27d46000 	C:\Users\91638\.gradle\native\fdc75f09e3144964f2cf3f50f0aa648679c211496f362492102eb8c894070792\windows-amd64\native-platform.dll
0x00007ffcf7480000 - 0x00007ffcf7611000 	C:\Users\91638\.gradle\native\12488b8bf47d2d4c9fbf2f6322a914ad602e24e48041cd04a747c6da556b65c4\windows-amd64\native-platform-file-events.dll
0x00007ffd29fb0000 - 0x00007ffd29fbd000 	C:\Program Files\Android\Android Studio\jre\jre\bin\management.dll
0x00007ffd34630000 - 0x00007ffd34648000 	C:\WINDOWS\SYSTEM32\CRYPTSP.dll
0x00007ffd33e00000 - 0x00007ffd33e34000 	C:\WINDOWS\system32\rsaenh.dll
0x00007ffd34e60000 - 0x00007ffd34e87000 	C:\WINDOWS\System32\bcrypt.dll
0x00007ffd34c50000 - 0x00007ffd34c7e000 	C:\WINDOWS\SYSTEM32\USERENV.dll
0x00007ffd352b0000 - 0x00007ffd35330000 	C:\WINDOWS\System32\bcryptprimitives.dll
0x00007ffd34650000 - 0x00007ffd3465c000 	C:\WINDOWS\SYSTEM32\CRYPTBASE.dll
0x00007ffd34150000 - 0x00007ffd3418b000 	C:\WINDOWS\SYSTEM32\IPHLPAPI.DLL
0x00007ffd36690000 - 0x00007ffd36698000 	C:\WINDOWS\System32\NSI.dll
0x00007ffd2b0f0000 - 0x00007ffd2b107000 	C:\WINDOWS\SYSTEM32\dhcpcsvc6.DLL
0x00007ffd2b660000 - 0x00007ffd2b67d000 	C:\WINDOWS\SYSTEM32\dhcpcsvc.DLL
0x00007ffd34190000 - 0x00007ffd3425c000 	C:\WINDOWS\SYSTEM32\DNSAPI.dll
0x00007ffd2ce10000 - 0x00007ffd2ce1b000 	C:\WINDOWS\SYSTEM32\WINNSI.DLL
0x00007ffd1f930000 - 0x00007ffd1f954000 	C:\Program Files\Android\Android Studio\jre\jre\bin\sunec.dll
0x00007ffd2b0e0000 - 0x00007ffd2b0ea000 	C:\Windows\System32\rasadhlp.dll
0x00007ffd2a5e0000 - 0x00007ffd2a65f000 	C:\WINDOWS\System32\fwpuclnt.dll
0x00007ffd2bd90000 - 0x00007ffd2bd9b000 	C:\Program Files\Android\Android Studio\jre\jre\bin\sunmscapi.dll
0x00007ffd35360000 - 0x00007ffd354bf000 	C:\WINDOWS\System32\CRYPT32.dll
0x00007ffd33a90000 - 0x00007ffd33ac3000 	C:\WINDOWS\SYSTEM32\ntmarta.dll

VM Arguments:
jvm_args: -XX:MaxMetaspaceSize=256m -XX:+HeapDumpOnOutOfMemoryError -Xms256m -Xmx512m -Dfile.encoding=windows-1252 -Duser.country=IN -Duser.language=en -Duser.variant 
java_command: org.gradle.launcher.daemon.bootstrap.GradleDaemon 6.7
java_class_path (initial): C:\Users\91638\.gradle\wrapper\dists\gradle-6.7-all\cuy9mc7upwgwgeb72wkcrupxe\gradle-6.7\lib\gradle-launcher-6.7.jar
Launcher Type: SUN_STANDARD

Environment Variables:
JAVA_HOME=C:\Program Files\OpenJDK\openjdk-8u275-b01
PATH=C:\Python27\;C:\Python27\Scripts;C:\WINDOWS\system32;C:\WINDOWS;C:\WINDOWS\System32\Wbem;C:\WINDOWS\System32\WindowsPowerShell\v1.0\;C:\WINDOWS\System32\OpenSSH\;C:\Users\91638\AppData\Local\Programs\Python\Python39;C:\Users\91638\AppData\Local\Programs\Python\Python39\Scripts;C:\ProgramData\chocolatey\bin;C:\Users\91638\AppData\Local\Android\Sdk\platform-tools;C:\Program Files (x86)\Yarn\bin\;C:\Program Files\OpenJDK\openjdk-8u275-b01\bin;C:\Program Files\Git\cmd;C:\Program Files\nodejs\;C:\Users\91638\AppData\Local\Microsoft\WindowsApps;;C:\Users\91638\AppData\Local\Programs\Microsoft VS Code\bin;C:\Users\91638\AppData\Local\Yarn\bin;C:\Users\91638\AppData\Roaming\npm
USERNAME=vicky
OS=Windows_NT
PROCESSOR_IDENTIFIER=Intel64 Family 6 Model 142 Stepping 12, GenuineIntel



---------------  S Y S T E M  ---------------

OS: Windows 10.0 , 64 bit Build 19041 (10.0.19041.928)

CPU:total 8 (initial active 8) (4 cores per cpu, 2 threads per core) family 6 model 142 stepping 12, cmov, cx8, fxsr, mmx, sse, sse2, sse3, ssse3, sse4.1, sse4.2, popcnt, avx, avx2, aes, clmul, erms, 3dnowpref, lzcnt, ht, tsc, tscinvbit, bmi1, bmi2, adx

Memory: 4k page, physical 8215284k(442360k free), swap 27415280k(6168k free)

vm_info: OpenJDK 64-Bit Server VM (25.242-b01) for windows-amd64 JRE (1.8.0_242-release-1644-b01), built by "builder" with MS VC++ 10.0 (VS2010)

time: Thu Jun 24 19:15:40 2021
timezone: India Standard Time
elapsed time: 1125 seconds (0d 0h 18m 45s)

